(index):64 cdn.tailwindcss.com should not be used in production. To use Tailwind CSS in production, install it as a PostCSS plugin or use the Tailwind CLI: https://tailwindcss.com/docs/installation
(anonymous) @ (index):64
index.js:50 [TCN SERIAL] CRITICAL: serialport not available, using MockSerialPort
(anonymous) @ index.js:50
index.js:50 [TCN SERIAL] Try: npm rebuild serialport or npx electron-rebuild
(anonymous) @ index.js:50
index.js:50 [TCN SERIAL] ATTEMPTING FORCE LOAD NATIVE SERIALPORT...
index.js:50 [TCN SERIAL] ✗ Force load error: require is not defined
index.js:50 [TCN SERIAL] Mode: MOCK
index.js:50 [TCN SERIAL] TCN Service initialized with COM1 priority
index.js:54 [TCN INTEGRATION] Initialized with 2 gold, 42 silver slots
index.js:54 [INVENTORY STORAGE] Database not initialized, attempting to initialize...
getAllSlotInventory @ index.js:54
index.js:54 [INVENTORY STORAGE] Initializing database...
index.js:55 [APP] Spring Vending Service DISABLED to prevent IPC channel conflicts with Arduino sensor
index.js:55 [APP] Using Legacy Electron Vending only for prize dispensing
index.js:55 [ELECTRON VENDING] Spring SDK DISABLED - using Enhanced Legacy Serial with Arduino compatibility
index.js:55 [ELECTRON VENDING] Initializing inventory management...
index.js:54 [INVENTORY STORAGE] Initializing database...
index.js:54 [TCN INTEGRATION] Initializing complete vending system...
index.js:54 [INVENTORY STORAGE] Initializing database...
index.js:49 [Arduino Sensor] Already DISABLED - skipping
index.js:49 [Arduino Sensor] Available ports: Array(2)
index.js:49 [Arduino Sensor] Found serial ports, setting up listeners
index.js:49 [Arduino Sensor] IPC listeners will be set up when serial port connects
index.js:49 Arduino sensor service initialized
index.js:54 [INVENTORY STORAGE] Database initialized successfully
index.js:54 [INVENTORY STORAGE] Database initialized successfully
index.js:54 [INVENTORY STORAGE] Database initialized successfully
index.js:54 [INVENTORY STORAGE] Clearing all slot inventory for reinitialization...
index.js:54 [TCN INTEGRATION] Loaded 44 slot records from storage
index.js:54 [TCN INTEGRATION] Loaded 44 slot records from storage
index.js:55 [ELECTRON VENDING] Existing slot configuration found - preserving counts
index.js:54 [INVENTORY STORAGE] All slot inventory cleared successfully
index.js:54 [TCN INTEGRATION] Loaded 0 slot records from storage
index.js:54 [TCN INTEGRATION] Loaded 0 slot records from storage
index.js:54 [TCN INTEGRATION] Step 1: Connecting to TCN hardware...
index.js:50 === TCN SERIAL AUTO-CONNECT ===
index.js:50 [TCN SERIAL] MODE: MOCK
index.js:50 [TCN SERIAL] Starting COM1 priority auto-detection...
index.js:50 [TCN SERIAL] CRITICAL: Still in mock mode - serialport package not loading properly
autoConnect @ index.js:50
index.js:50 [TCN SERIAL] Try: npm rebuild serialport or npx electron-rebuild
autoConnect @ index.js:50
index.js:50 [TCN SERIAL] PRODUCTION NOTE: In production, ensure serialport package is properly built
index.js:50 [TCN SERIAL] VERSION 1.0.3 COMPATIBILITY: Attempting real connection despite mock mode...
index.js:50 [TCN SERIAL] Attempting aggressive force-load of serialport...
index.js:50 [TCN SERIAL] Found 3 available ports: Array(3)
index.js:50 [TCN SERIAL] PRODUCTION NOTE: System will auto-detect TCN controller on any available COM port
index.js:50 [TCN SERIAL] Using mock-to-real bridge for Version 1.0.3 compatibility
index.js:50 [TCN SERIAL] Simulating port detection for forced connection...
index.js:50 [TCN SERIAL] PRODUCTION NOTE: System will auto-detect TCN controller on any available COM port
index.js:50 [TCN SERIAL] PRIORITY 1: Found COM1, attempting connection...
index.js:50 [TCN SERIAL] COM1 Details: {"path":"COM1","manufacturer":"(Standard port types)"}
index.js:50 [TCN SERIAL] VERSION 1.0.3: Attempting forced real connection to COM1...
index.js:50 [TCN SERIAL] FORCED CONNECTION: COM1 at 115200 baud
index.js:50 [TCN SERIAL] VERSION 1.0.3: Attempting to bypass mock mode...
index.js:50 [TCN SERIAL] VERSION 1.0.3: Using forced connection method for COM1...
index.js:50 [TCN SERIAL] FORCED CONNECTION: COM1 at 115200 baud
index.js:50 [TCN SERIAL] VERSION 1.0.3: Attempting to bypass mock mode...
index.js:50 [TCN SERIAL] ✗ Approach 1 failed: require is not defined
index.js:50 [TCN SERIAL] ✗ Approach 1 failed: require is not defined
index.js:54 [INVENTORY STORAGE] Updated slot 24: 0/5
index.js:50 [TCN SERIAL] ✗ Approach 2 failed: Class extends value undefined is not a constructor or null
index.js:50 [TCN SERIAL] ✗ Could not acquire real serialport, falling back to mock
index.js:50 [TCN SERIAL] ✗ Failed to connect to COM1
index.js:50 [TCN SERIAL] Analyzing ports for TCN compatibility...
index.js:50 [TCN SERIAL] Available ports were: Array(4)
index.js:50 [TCN SERIAL] Port COM1: manufacturer="(standard port types)", pnpId="N/A"
index.js:50 [TCN SERIAL] Port COM1: USB=false, COM=true, Unix=false, TCN=true
index.js:50 [TCN SERIAL] Port COM3: manufacturer="prolific", pnpId="N/A"
index.js:50 [TCN SERIAL] Port COM3: USB=false, COM=true, Unix=false, TCN=true
index.js:50 [TCN SERIAL] Port COM4: manufacturer="ch340", pnpId="N/A"
index.js:50 [TCN SERIAL] Port COM4: USB=false, COM=true, Unix=false, TCN=true
index.js:50 [TCN SERIAL] Port COM8: manufacturer="microsoft", pnpId="N/A"
index.js:50 [TCN SERIAL] Port COM8: USB=false, COM=true, Unix=false, TCN=true
index.js:50 [TCN SERIAL] Found 4 TCN-compatible ports: Array(4)
index.js:50 [TCN SERIAL] PRIORITY 2: Trying port: COM1 (manufacturer=(Standard port types))
index.js:50 [TCN SERIAL] VERSION 1.0.3: Attempting forced real connection to COM1...
index.js:50 [TCN SERIAL] FORCED CONNECTION: COM1 at 115200 baud
index.js:50 [TCN SERIAL] VERSION 1.0.3: Attempting to bypass mock mode...
index.js:50 [TCN SERIAL] VERSION 1.0.3: Using forced connection method for COM1...
index.js:50 [TCN SERIAL] FORCED CONNECTION: COM1 at 115200 baud
index.js:50 [TCN SERIAL] VERSION 1.0.3: Attempting to bypass mock mode...
index.js:50 [TCN SERIAL] ✗ Approach 1 failed: require is not defined
index.js:50 [TCN SERIAL] ✗ Approach 1 failed: require is not defined
index.js:50 [TCN SERIAL] ✗ Approach 2 failed: Class extends value undefined is not a constructor or null
index.js:50 [TCN SERIAL] ✗ Could not acquire real serialport, falling back to mock
index.js:50 [TCN SERIAL] ✗ Could not acquire real serialport, falling back to mock
index.js:50 [TCN SERIAL] PRIORITY 2: Trying port: COM3 (manufacturer=Prolific)
index.js:50 [TCN SERIAL] VERSION 1.0.3: Attempting forced real connection to COM3...
index.js:50 [TCN SERIAL] FORCED CONNECTION: COM3 at 115200 baud
index.js:50 [TCN SERIAL] VERSION 1.0.3: Attempting to bypass mock mode...
index.js:50 [TCN SERIAL] VERSION 1.0.3: Using forced connection method for COM3...
index.js:50 [TCN SERIAL] FORCED CONNECTION: COM3 at 115200 baud
index.js:50 [TCN SERIAL] VERSION 1.0.3: Attempting to bypass mock mode...
index.js:50 [TCN SERIAL] ✗ Approach 1 failed: require is not defined
index.js:50 [TCN SERIAL] ✗ Approach 1 failed: require is not defined
index.js:50 [TCN SERIAL] ✗ Approach 2 failed: Class extends value undefined is not a constructor or null
index.js:50 [TCN SERIAL] ✗ Could not acquire real serialport, falling back to mock
index.js:50 [TCN SERIAL] ✗ Could not acquire real serialport, falling back to mock
index.js:50 [TCN SERIAL] PRIORITY 2: Trying port: COM4 (manufacturer=CH340)
index.js:50 [TCN SERIAL] VERSION 1.0.3: Attempting forced real connection to COM4...
index.js:50 [TCN SERIAL] FORCED CONNECTION: COM4 at 115200 baud
index.js:50 [TCN SERIAL] VERSION 1.0.3: Attempting to bypass mock mode...
index.js:50 [TCN SERIAL] VERSION 1.0.3: Using forced connection method for COM4...
index.js:50 [TCN SERIAL] FORCED CONNECTION: COM4 at 115200 baud
index.js:50 [TCN SERIAL] VERSION 1.0.3: Attempting to bypass mock mode...
index.js:50 [TCN SERIAL] ✗ Approach 1 failed: require is not defined
index.js:50 [TCN SERIAL] ✗ Approach 1 failed: require is not defined
index.js:54 [INVENTORY STORAGE] Updated slot 25: 0/5
index.js:50 [TCN SERIAL] ✗ Approach 2 failed: Class extends value undefined is not a constructor or null
index.js:50 [TCN SERIAL] ✗ Could not acquire real serialport, falling back to mock
index.js:50 [TCN SERIAL] ✗ Could not acquire real serialport, falling back to mock
index.js:50 [TCN SERIAL] PRIORITY 2: Trying port: COM8 (manufacturer=Microsoft)
index.js:50 [TCN SERIAL] VERSION 1.0.3: Attempting forced real connection to COM8...
index.js:50 [TCN SERIAL] FORCED CONNECTION: COM8 at 115200 baud
index.js:50 [TCN SERIAL] VERSION 1.0.3: Attempting to bypass mock mode...
index.js:50 [TCN SERIAL] VERSION 1.0.3: Using forced connection method for COM8...
index.js:50 [TCN SERIAL] FORCED CONNECTION: COM8 at 115200 baud
index.js:50 [TCN SERIAL] VERSION 1.0.3: Attempting to bypass mock mode...
index.js:50 [TCN SERIAL] ✗ Approach 1 failed: require is not defined
index.js:50 [TCN SERIAL] ✗ Approach 1 failed: require is not defined
index.js:50 [TCN SERIAL] ✗ Approach 2 failed: Class extends value undefined is not a constructor or null
index.js:50 [TCN SERIAL] ✗ Could not acquire real serialport, falling back to mock
index.js:50 [TCN SERIAL] ✗ Could not acquire real serialport, falling back to mock
index.js:50 [TCN SERIAL] ✗ Failed to connect to any serial port
autoConnect @ index.js:50
index.js:50 [TCN SERIAL] Available ports were: Array(4)
autoConnect @ index.js:50
index.js:54 [TCN INTEGRATION] Auto-connect failed, trying COM1 force connection...
initialize @ index.js:54
index.js:50 [TCN SERIAL] FORCING COM1 CONNECTION...
index.js:50 [TCN SERIAL] Cannot force COM1 - still in mock mode
forceConnectCOM1 @ index.js:50
index.js:54 [TCN INTEGRATION] TCN hardware not available, will use simulation
initialize @ index.js:54
index.js:54 [TCN INTEGRATION] Step 2: Initializing Arduino sensors...
index.js:54 [TCN INTEGRATION] Arduino sensor service initialized (GameScreen will manage activation)
index.js:54 [TCN INTEGRATION] Integration complete
index.js:55 [APP] TCN Integration initialization: SUCCESS
index.js:54 [INVENTORY STORAGE] Updated slot 1: 0/5
index.js:54 [INVENTORY STORAGE] Updated slot 2: 0/5
index.js:54 [INVENTORY STORAGE] Updated slot 3: 0/5
index.js:54 [INVENTORY STORAGE] Updated slot 4: 0/5
index.js:54 [INVENTORY STORAGE] Updated slot 5: 0/5
index.js:54 [INVENTORY STORAGE] Updated slot 6: 0/5
index.js:54 [INVENTORY STORAGE] Updated slot 7: 0/5
index.js:54 [INVENTORY STORAGE] Updated slot 8: 0/5
index.js:54 [INVENTORY STORAGE] Updated slot 11: 0/5
index.js:54 [INVENTORY STORAGE] Updated slot 12: 0/5
index.js:54 [INVENTORY STORAGE] Updated slot 13: 0/5
index.js:54 [INVENTORY STORAGE] Updated slot 14: 0/5
index.js:54 [INVENTORY STORAGE] Updated slot 15: 0/5
index.js:54 [INVENTORY STORAGE] Updated slot 16: 0/5
index.js:54 [INVENTORY STORAGE] Updated slot 17: 0/5
index.js:54 [INVENTORY STORAGE] Updated slot 18: 0/5
index.js:54 [INVENTORY STORAGE] Updated slot 21: 0/5
index.js:54 [INVENTORY STORAGE] Updated slot 22: 0/5
index.js:54 [INVENTORY STORAGE] Updated slot 23: 0/5
index.js:54 [INVENTORY STORAGE] Updated slot 26: 0/5
index.js:54 [INVENTORY STORAGE] Updated slot 27: 0/5
index.js:54 [INVENTORY STORAGE] Updated slot 28: 0/5
index.js:54 [INVENTORY STORAGE] Updated slot 31: 0/5
index.js:54 [INVENTORY STORAGE] Updated slot 32: 0/5
index.js:54 [INVENTORY STORAGE] Updated slot 33: 0/5
index.js:54 [INVENTORY STORAGE] Updated slot 34: 0/5
index.js:54 [INVENTORY STORAGE] Updated slot 35: 0/5
index.js:54 [INVENTORY STORAGE] Updated slot 36: 0/5
index.js:54 [INVENTORY STORAGE] Updated slot 37: 0/5
index.js:54 [INVENTORY STORAGE] Updated slot 38: 0/5
index.js:54 [INVENTORY STORAGE] Updated slot 45: 0/5
index.js:54 [INVENTORY STORAGE] Updated slot 46: 0/5
index.js:54 [INVENTORY STORAGE] Updated slot 47: 0/5
index.js:54 [INVENTORY STORAGE] Updated slot 48: 0/5
index.js:54 [INVENTORY STORAGE] Updated slot 51: 0/5
index.js:54 [INVENTORY STORAGE] Updated slot 52: 0/5
index.js:54 [INVENTORY STORAGE] Updated slot 53: 0/5
index.js:54 [INVENTORY STORAGE] Updated slot 54: 0/5
index.js:54 [INVENTORY STORAGE] Updated slot 55: 0/5
index.js:54 [INVENTORY STORAGE] Updated slot 56: 0/5
index.js:54 [INVENTORY STORAGE] Updated slot 57: 0/5
index.js:54 [INVENTORY STORAGE] Updated slot 58: 0/5
index.js:55 [ELECTRON VENDING] Checking for pending operations to sync...
index.js:55 [ELECTRON VENDING] No pending operations to sync
index.js:55 [ELECTRON VENDING] Inventory management initialized
index.js:55 [ELECTRON VENDING] Enhanced Legacy Serial initialized successfully
index.js:55 [APP] Legacy Electron Vending initialization: SUCCESS
index.js:49 [Arduino Sensor] Already DISABLED - skipping
index.js:54 Syncing 6 score(s)...
index.js:54 Sync: submitting score to API: {id: 'score_1766647631590', name: 'HARSHA', email: '', phone: '0172799446', time: 20407}
index.js:49 [Arduino Sensor] Already DISABLED - skipping
index.js:49 [Arduino Sensor] Already DISABLED - skipping
index.js:54 [GameScreen] Setting up Arduino sensor service...
index.js:49 [Arduino Sensor] === ENHANCED WINDOWS COM PORT DEBUGGING ===
index.js:49 [Arduino Sensor] ElectronAPI available: true
index.js:49 [Arduino Sensor] getSerialPorts method available: true
index.js:49 [Arduino Sensor] Proactive COM port initialization starting...
index.js:49 [Arduino Sensor] Starting proactive COM port state management...
index.js:49 [Arduino Sensor] State reset - ready for new game
index.js:54 [GameScreen] Arduino sensor service initialized, setting up handlers...
index.js:49 [Arduino Sensor] Already ENABLED - skipping
index.js:54 [GameScreen] Arduino sensor service enabled
index.js:49 [Arduino Sensor] State reset - ready for new game
index.js:54 [GameScreen] Arduino sensor state reset
index.html:1 [Intervention] Slow network is detected. See https://www.chromestatus.com/feature/5636954674692096 for more details. Fallback font will be used while loading: file:///C:/Users/Administrator/Desktop/Vending%20Challenge%20Game%20Setup%201.5.5/win-unpacked/resources/assets/digital-7.ttf
index.js:49 [Arduino Sensor] Fresh port scan after initialization: (2) [{…}, {…}]0: {path: 'COM1', manufacturer: '(Standard port types)', serialNumber: undefined, locationId: undefined, vendorId: undefined, …}1: {path: 'COM8', manufacturer: 'Microsoft', serialNumber: '6&3A4151B6&0&0000', locationId: '0000.0014.0000.002.000.000.000.000.000', vendorId: '2341', …}length: 2[[Prototype]]: Array(0)
index.js:49 [Arduino Sensor] Pre-testing port COM1 to clear state...
index.js:49 [Arduino Sensor] ✓ Port COM1 state cleared successfully
index.js:49 [Arduino Sensor] Pre-testing port COM8 to clear state...
index.js:49 [Arduino Sensor] ✓ Port COM8 state cleared successfully
index.js:49 [Arduino Sensor] Proactive initialization completed
index.js:49 [Arduino Sensor] Attempting to get serial ports...
index.js:49 [Arduino Sensor] Raw ports result: (2) [{…}, {…}]
index.js:49 [Arduino Sensor] Ports type: object
index.js:49 [Arduino Sensor] Ports isArray: true
index.js:49 [Arduino Sensor] Ports length: 2
index.js:49 [Arduino Sensor] Available ports: (2) [{…}, {…}]
index.js:49 [Arduino Sensor] Selected high COM port: COM8 (non-Arduino manufacturer, COM6+)
index.js:49 [Arduino Sensor] Port selection details:
index.js:49   - Available ports: (2) ['COM1 ((Standard port types))', 'COM8 (Microsoft)']
index.js:49   - Arduino manufacturer ports: []
index.js:49   - Selected port: COM8
index.js:49   - Port manufacturer: Microsoft
index.js:49 [Arduino Sensor] Attempting to connect to COM8
index.js:49 [Arduino Sensor] Trying Standard connection strategy...
index.js:49 [Arduino Sensor] ✓ Standard strategy successful
index.js:49 [Arduino Sensor] ✓ Successfully connected to COM8 at 9600 baud
index.js:49 [Arduino Sensor] Dedicated Arduino data channel listener set up
index.js:49 [Arduino Sensor] IPC listeners set up after serial connection (data will only be processed when enabled)
index.js:49 [Arduino Sensor] Starting automatic channel retry mechanism...
index.js:49 Arduino sensor ENABLED and ready for data (REAL HARDWARE MODE)
index.js:49 [Arduino Sensor] Starting automatic channel retry mechanism...
index.js:49 [Arduino Sensor] Received data via dedicated Arduino channel (1): 1
index.js:49 [Arduino Sensor] State change: 1 -> 1 (filtered)
index.js:49 [Arduino Sensor] State change: 1 -> 1 (filtered)
index.js:49 [Arduino Sensor] State change: 1 -> 1 (filtered)
index.js:49 [Arduino Sensor] State change: 1 -> 1 (filtered)
index.js:49 [Arduino Sensor] State change: 1 -> 1 (filtered)
index.js:49 [Arduino Sensor] State change: 1 -> 1 (filtered)
index.js:49 [Arduino Sensor] State change: 1 -> 1 (filtered)
index.js:49 [Arduino Sensor] State change: 1 -> 1 (filtered)
index.js:49 [Arduino Sensor] State change: 1 -> 1 (filtered)
index.js:49 [Arduino Sensor] State change: 1 -> 1 (filtered)
index.js:49 [Arduino Sensor] State change: 1 -> 1 (filtered)
index.js:49 [Arduino Sensor] State change: 1 -> 1 (filtered)
index.js:49 [Arduino Sensor] State change: 1 -> 1 (filtered)
index.js:49 [Arduino Sensor] State change: 1 -> 1 (filtered)
index.js:49 [Arduino Sensor] State change: 1 -> 1 (filtered)
index.js:49 [Arduino Sensor] State change: 1 -> 1 (filtered)
index.js:49 [Arduino Sensor] State change: 1 -> 1 (filtered)
index.js:49 [Arduino Sensor] State change: 1 -> 1 (filtered)
index.js:49 [Arduino Sensor] State change: 1 -> 1 (filtered)
index.js:49 [Arduino Sensor] State change: 1 -> 1 (filtered)
index.js:49 [Arduino Sensor] State change: 1 -> 1 (filtered)
index.js:49 [Arduino Sensor] State change: 1 -> 1 (filtered)
index.js:49 [Arduino Sensor] State change: 1 -> 1 (filtered)
index.js:49 [Arduino Sensor] State change: 1 -> 1 (filtered)
index.js:49 [Arduino Sensor] State change: 1 -> 1 (filtered)
index.js:49 [Arduino Sensor] State change: 1 -> 1 (filtered)
index.js:49 [Arduino Sensor] State change: 1 -> 1 (filtered)
index.js:49 [Arduino Sensor] State change: 1 -> 1 (filtered)
index.js:49 [Arduino Sensor] State change: 1 -> 1 (filtered)
index.js:49 [Arduino Sensor] State change: 1 -> 1 (filtered)
index.js:49 [Arduino Sensor] State change: 1 -> 1 (filtered)
index.js:49 [Arduino Sensor] State change: 1 -> 1 (filtered)
index.js:49 [Arduino Sensor] State change: 1 -> 1 (filtered)
index.js:49 [Arduino Sensor] State change: 1 -> 1 (filtered)
index.js:49 [Arduino Sensor] State change: 1 -> 1 (filtered)
index.js:49 [Arduino Sensor] State change: 1 -> 1 (filtered)
index.js:49 [Arduino Sensor] State change: 1 -> 1 (filtered)
index.js:49 [Arduino Sensor] State change: 1 -> 1 (filtered)
index.js:49 [Arduino Sensor] State change: 1 -> 1 (filtered)
index.js:49 [Arduino Sensor] State change: 1 -> 1 (filtered)
index.js:49 [Arduino Sensor] State change: 1 -> 1 (filtered)
index.js:49 [Arduino Sensor] State change: 1 -> 1 (filtered)
index.js:49 [Arduino Sensor] State change: 1 -> 1 (filtered)
index.js:49 [Arduino Sensor] State change: 1 -> 1 (filtered)
index.js:49 [Arduino Sensor] State change: 1 -> 1 (filtered)
index.js:49 [Arduino Sensor] State change: 1 -> 1 (filtered)
index.js:49 [Arduino Sensor] State change: 1 -> 1 (filtered)
index.js:49 [Arduino Sensor] State change: 1 -> 1 (filtered)
index.js:49 [Arduino Sensor] State change: 1 -> 1 (filtered)
index.js:49 [Arduino Sensor] State change: 1 -> 1 (filtered)
index.js:49 [Arduino Sensor] State change: 1 -> 1 (filtered)
index.js:49 [Arduino Sensor] State change: 1 -> 1 (filtered)
index.js:49 [Arduino Sensor] State change: 1 -> 1 (filtered)
index.js:49 [Arduino Sensor] State change: 1 -> 1 (filtered)
index.js:49 [Arduino Sensor] State change: 1 -> 1 (filtered)
index.js:49 [Arduino Sensor] State change: 1 -> 1 (filtered)
index.js:49 [Arduino Sensor] State change: 1 -> 1 (filtered)
index.js:49 [Arduino Sensor] State change: 1 -> 1 (filtered)
index.js:49 [Arduino Sensor] State change: 1 -> 1 (filtered)
index.js:49 Invalid sensor value received: 
handleSerialData @ index.js:49
(anonymous) @ index.js:49
(anonymous) @ VM5:21
emit @ VM4 sandbox_bundle:2
onMessage @ VM4 sandbox_bundle:2
index.js:49 Invalid sensor value received: 
handleSerialData @ index.js:49
(anonymous) @ index.js:49
(anonymous) @ VM5:18
emit @ VM4 sandbox_bundle:2
onMessage @ VM4 sandbox_bundle:2
index.js:49 [Arduino Sensor] State change: 1 -> 1 (filtered)
index.js:49 [Arduino Sensor] State change: 1 -> 1 (filtered)
index.js:49 [Arduino Sensor] State change: 1 -> 1 (filtered)
index.js:49 [Arduino Sensor] State change: 1 -> 1 (filtered)
index.js:49 [Arduino Sensor] State change: 1 -> 1 (filtered)
index.js:49 [Arduino Sensor] State change: 1 -> 1 (filtered)
index.js:49 [Arduino Sensor] State change: 1 -> 1 (filtered)
index.js:49 [Arduino Sensor] State change: 1 -> 1 (filtered)
index.js:49 [Arduino Sensor] State change: 1 -> 1 (filtered)
index.js:49 [Arduino Sensor] State change: 1 -> 1 (filtered)
index.js:49 [Arduino Sensor] State change: 1 -> 1 (filtered)
index.js:49 [Arduino Sensor] State change: 1 -> 1 (filtered)
index.js:49 [Arduino Sensor] State change: 1 -> 1 (filtered)
index.js:49 [Arduino Sensor] State change: 1 -> 1 (filtered)
index.js:49 [Arduino Sensor] State change: 1 -> 1 (filtered)
index.js:49 [Arduino Sensor] State change: 1 -> 1 (filtered)
index.js:49 [Arduino Sensor] State change: 1 -> 1 (filtered)
index.js:49 [Arduino Sensor] State change: 1 -> 1 (filtered)
index.js:49 [Arduino Sensor] State change: 1 -> 1 (filtered)
index.js:49 [Arduino Sensor] State change: 1 -> 1 (filtered)
index.js:49 [Arduino Sensor] State change: 1 -> 1 (filtered)
index.js:49 [Arduino Sensor] Received data via dedicated Arduino channel (203): 1
index.js:49 [Arduino Sensor] State change: 1 -> 1 (filtered)
index.js:49 [Arduino Sensor] State change: 1 -> 1 (filtered)
index.js:49 [Arduino Sensor] State change: 1 -> 1 (filtered)
index.js:49 [Arduino Sensor] State change: 1 -> 1 (filtered)
index.js:49 [Arduino Sensor] State change: 1 -> 1 (filtered)
index.js:49 [Arduino Sensor] State change: 1 -> 1 (filtered)
index.js:49 [Arduino Sensor] State change: 1 -> 1 (filtered)
index.js:49 [Arduino Sensor] State change: 1 -> 1 (filtered)
index.js:49 [Arduino Sensor] State change: 1 -> 1 (filtered)
index.js:49 [Arduino Sensor] State change: 1 -> 1 (filtered)
index.js:49 [Arduino Sensor] State change: 1 -> 1 (filtered)
index.js:49 [Arduino Sensor] State change: 1 -> 1 (filtered)
index.js:49 [Arduino Sensor] State change: 1 -> 1 (filtered)
index.js:49 [Arduino Sensor] State change: 1 -> 1 (filtered)
index.js:49 [Arduino Sensor] State change: 1 -> 1 (filtered)
index.js:49 [Arduino Sensor] State change: 1 -> 1 (filtered)
index.js:49 [Arduino Sensor] State change: 1 -> 1 (filtered)
index.js:49 [Arduino Sensor] State change: 1 -> 1 (filtered)
vendinghanger.eeelab.xyz/apiendpoints.php/leaderboard:1 
        
        
       Failed to load resource: net::ERR_TIMED_OUT
index.js:54 API request failed: TypeError: Failed to fetch
    at ApiService.request (index.js:54:49917)
    at ApiService.getLeaderboard (index.js:54:50561)
    at getLeaderboard (index.js:54:52469)
    at index.js:55:42623
    at index.js:55:42712
    at ea (index.js:48:92616)
    at qu (index.js:48:107844)
    at Rt (index.js:48:107728)
    at qu (index.js:48:108610)
    at Rt (index.js:48:107728)
request @ index.js:54
index.js:54 Failed to get leaderboard from API, falling back to cache: TypeError: Failed to fetch
    at ApiService.request (index.js:54:49917)
    at ApiService.getLeaderboard (index.js:54:50561)
    at getLeaderboard (index.js:54:52469)
    at index.js:55:42623
    at index.js:55:42712
    at ea (index.js:48:92616)
    at qu (index.js:48:107844)
    at Rt (index.js:48:107728)
    at qu (index.js:48:108610)
    at Rt (index.js:48:107728)
getLeaderboard @ index.js:54
index.js:49 [Arduino Sensor] State change: 1 -> 1 (filtered)
index.js:49 [Arduino Sensor] State change: 1 -> 1 (filtered)
index.js:49 [Arduino Sensor] State change: 1 -> 1 (filtered)
index.js:49 [Arduino Sensor] State change: 1 -> 1 (filtered)
index.js:49 [Arduino Sensor] State change: 1 -> 1 (filtered)
index.js:49 [Arduino Sensor] State change: 1 -> 1 (filtered)
index.js:49 [Arduino Sensor] State change: 1 -> 1 (filtered)
index.js:49 [Arduino Sensor] State change: 1 -> 1 (filtered)
index.js:49 [Arduino Sensor] State change: 1 -> 1 (filtered)
index.js:49 [Arduino Sensor] State change: 1 -> 1 (filtered)
index.js:49 [Arduino Sensor] State change: 1 -> 1 (filtered)
index.js:49 [Arduino Sensor] State change: 1 -> 1 (filtered)
index.js:49 [Arduino Sensor] State change: 1 -> 1 (filtered)
index.js:49 [Arduino Sensor] State change: 1 -> 1 (filtered)
index.js:49 [Arduino Sensor] State change: 1 -> 1 (filtered)
index.js:49 [Arduino Sensor] State change: 1 -> 1 (filtered)
index.js:49 [Arduino Sensor] State change: 1 -> 1 (filtered)
index.js:49 [Arduino Sensor] State change: 1 -> 1 (filtered)
index.js:49 [Arduino Sensor] State change: 1 -> 1 (filtered)
index.js:49 [Arduino Sensor] State change: 1 -> 1 (filtered)
index.js:49 [Arduino Sensor] State change: 1 -> 1 (filtered)
index.js:49 [Arduino Sensor] State change: 1 -> 1 (filtered)
index.js:49 Invalid sensor value received: 
handleSerialData @ index.js:49
(anonymous) @ index.js:49
(anonymous) @ VM5:21
emit @ VM4 sandbox_bundle:2
onMessage @ VM4 sandbox_bundle:2
index.js:49 Invalid sensor value received: 
handleSerialData @ index.js:49
(anonymous) @ index.js:49
(anonymous) @ VM5:18
emit @ VM4 sandbox_bundle:2
onMessage @ VM4 sandbox_bundle:2
index.js:49 [Arduino Sensor] State change: 1 -> 1 (filtered)
index.js:49 [Arduino Sensor] State change: 1 -> 1 (filtered)
index.js:49 [Arduino Sensor] State change: 1 -> 1 (filtered)
index.js:49 [Arduino Sensor] State change: 1 -> 1 (filtered)
index.js:49 [Arduino Sensor] State change: 1 -> 1 (filtered)
index.js:49 [Arduino Sensor] State change: 1 -> 1 (filtered)
index.js:49 [Arduino Sensor] State change: 1 -> 1 (filtered)
index.js:49 [Arduino Sensor] State change: 1 -> 0 (filtered)
index.js:49 [Arduino Sensor] State change: 1 -> 0 (filtered)
index.js:49 [Arduino Sensor] State change: 1 -> 0 (filtered)
index.js:49 [Arduino Sensor] State change: 1 -> 0 (filtered)
index.js:49 [Arduino Sensor] State change: 1 -> 0 (filtered)
index.js:49 [Arduino Sensor] State change: 1 -> 0 (filtered)
index.js:54 
        
        
       POST https://vendinghanger.eeelab.xyz/apiendpoints.php/players net::ERR_TIMED_OUT
request @ index.js:54
createPlayer @ index.js:54
o @ index.js:54
syncData @ index.js:54
(anonymous) @ index.js:54
index.js:54 API request failed: TypeError: Failed to fetch
    at ApiService.request (index.js:54:49917)
    at ApiService.createPlayer (index.js:54:50152)
    at o (index.js:54:54789)
    at syncData (index.js:54:55407)
    at index.js:54:55907
request @ index.js:54
await in request (async)
createPlayer @ index.js:54
o @ index.js:54
syncData @ index.js:54
(anonymous) @ index.js:54
index.js:54 Failed to submit queued score, will keep in queue: {id: 'score_1766647631590', name: 'HARSHA', email: '', phone: '0172799446', time: 20407} TypeError: Failed to fetch
    at ApiService.request (index.js:54:49917)
    at ApiService.createPlayer (index.js:54:50152)
    at o (index.js:54:54789)
    at syncData (index.js:54:55407)
    at index.js:54:55907
syncData @ index.js:54
await in syncData (async)
(anonymous) @ index.js:54
index.js:54 Sync: submitting score to API: {id: 'score_1766648952425', name: 'BC NG', email: '', phone: '0193332446', time: 70029}
index.js:49 [Arduino Sensor] State change: 1 -> 0 (filtered)
index.js:49 Invalid sensor value received: 
handleSerialData @ index.js:49
(anonymous) @ index.js:49
(anonymous) @ VM5:21
emit @ VM4 sandbox_bundle:2
onMessage @ VM4 sandbox_bundle:2
index.js:49 Invalid sensor value received: 
handleSerialData @ index.js:49
(anonymous) @ index.js:49
(anonymous) @ VM5:18
emit @ VM4 sandbox_bundle:2
onMessage @ VM4 sandbox_bundle:2
index.js:49 [Arduino Sensor] State change: 1 -> 0 (filtered)
index.js:49 [Arduino Sensor] State change: 1 -> 0 (filtered)
index.js:49 [Arduino Sensor] State change: 1 -> 0 (filtered)
index.js:49 [Arduino Sensor] State change: 1 -> 0 (filtered)
index.js:49 [Arduino Sensor] State change: 1 -> 0 (filtered)
index.js:49 [Arduino Sensor] State change: 1 -> 1 (filtered)
index.js:49 [Arduino Sensor] State change: 1 -> 0 (filtered)
index.js:49 [Arduino Sensor] State change: 1 -> 0 (filtered)
index.js:49 [Arduino Sensor] State change: 1 -> 1 (filtered)
index.js:49 [Arduino Sensor] State change: 1 -> 1 (filtered)
index.js:49 [Arduino Sensor] State change: 1 -> 1 (filtered)
index.js:49 [Arduino Sensor] State change: 1 -> 1 (filtered)
index.js:49 [Arduino Sensor] Received data via dedicated Arduino channel (407): 1
index.js:49 [Arduino Sensor] State change: 1 -> 1 (filtered)
index.js:49 [Arduino Sensor] State change: 1 -> 1 (filtered)
index.js:49 [Arduino Sensor] State change: 1 -> 1 (filtered)
index.js:49 [Arduino Sensor] State change: 1 -> 1 (filtered)
index.js:49 Invalid sensor value received: 
handleSerialData @ index.js:49
(anonymous) @ index.js:49
(anonymous) @ VM5:21
emit @ VM4 sandbox_bundle:2
onMessage @ VM4 sandbox_bundle:2
index.js:49 Invalid sensor value received: 
handleSerialData @ index.js:49
(anonymous) @ index.js:49
(anonymous) @ VM5:18
emit @ VM4 sandbox_bundle:2
onMessage @ VM4 sandbox_bundle:2
index.js:49 [Arduino Sensor] State change: 1 -> 1 (filtered)
index.js:49 [Arduino Sensor] State change: 1 -> 1 (filtered)
index.js:49 [Arduino Sensor] State change: 1 -> 1 (filtered)
index.js:49 [Arduino Sensor] State change: 1 -> 1 (filtered)
index.js:49 [Arduino Sensor] State change: 1 -> 1 (filtered)
index.js:49 [Arduino Sensor] State change: 1 -> 1 (filtered)
index.js:49 [Arduino Sensor] State change: 1 -> 0 (filtered)
index.js:49 [Arduino Sensor] State change: 1 -> 0 (filtered)
index.js:49 [Arduino Sensor] State change: 1 -> 0 (filtered)
index.js:49 [Arduino Sensor] State change: 1 -> 0 (filtered)
index.js:49 [Arduino Sensor] State change: 1 -> 0 (filtered)
index.js:49 [Arduino Sensor] State change: 1 -> 0 (filtered)
index.js:49 [Arduino Sensor] State change: 1 -> 0 (filtered)
index.js:49 [Arduino Sensor] State change: 1 -> 1 (filtered)
index.js:49 [Arduino Sensor] State change: 1 -> 1 (filtered)
index.js:49 [Arduino Sensor] State change: 1 -> 1 (filtered)
index.js:49 [Arduino Sensor] State change: 1 -> 1 (filtered)
index.js:49 [Arduino Sensor] State change: 1 -> 1 (filtered)
index.js:49 [Arduino Sensor] State change: 1 -> 1 (filtered)
index.js:49 [Arduino Sensor] State change: 1 -> 1 (filtered)
index.js:49 [Arduino Sensor] State change: 1 -> 1 (filtered)
index.js:49 [Arduino Sensor] State change: 1 -> 1 (filtered)
index.js:49 [Arduino Sensor] State change: 1 -> 1 (filtered)
index.js:49 [Arduino Sensor] State change: 1 -> 1 (filtered)
index.js:49 [Arduino Sensor] State change: 1 -> 1 (filtered)
index.js:49 [Arduino Sensor] State change: 1 -> 1 (filtered)
index.js:49 [Arduino Sensor] State change: 1 -> 1 (filtered)
index.js:49 [Arduino Sensor] State change: 1 -> 1 (filtered)
index.js:49 [Arduino Sensor] State change: 1 -> 1 (filtered)
index.js:49 [Arduino Sensor] State change: 1 -> 1 (filtered)
index.js:49 [Arduino Sensor] State change: 1 -> 1 (filtered)
index.js:49 [Arduino Sensor] State change: 1 -> 1 (filtered)
index.js:49 [Arduino Sensor] State change: 1 -> 1 (filtered)
index.js:49 [Arduino Sensor] State change: 1 -> 1 (filtered)
index.js:49 [Arduino Sensor] State change: 1 -> 1 (filtered)
index.js:49 [Arduino Sensor] State change: 1 -> 1 (filtered)
index.js:49 [Arduino Sensor] State change: 1 -> 1 (filtered)
index.js:49 [Arduino Sensor] State change: 1 -> 1 (filtered)
index.js:49 [Arduino Sensor] State change: 1 -> 1 (filtered)
index.js:49 [Arduino Sensor] State change: 1 -> 1 (filtered)
index.js:49 [Arduino Sensor] State change: 1 -> 1 (filtered)
index.js:49 [Arduino Sensor] State change: 1 -> 1 (filtered)
index.js:49 [Arduino Sensor] State change: 1 -> 1 (filtered)
index.js:49 [Arduino Sensor] State change: 1 -> 1 (filtered)
index.js:49 [Arduino Sensor] State change: 1 -> 1 (filtered)
index.js:49 [Arduino Sensor] State change: 1 -> 1 (filtered)
index.js:49 [Arduino Sensor] State change: 1 -> 1 (filtered)
index.js:49 [Arduino Sensor] State change: 1 -> 0 (filtered)
index.js:49 [Arduino Sensor] State change: 1 -> 0 (filtered)
index.js:49 [Arduino Sensor] State change: 1 -> 0 (filtered)
index.js:49 [Arduino Sensor] State change: 1 -> 0 (filtered)
index.js:49 [Arduino Sensor] State change: 1 -> 0 (filtered)
index.js:49 [Arduino Sensor] State change: 1 -> 0 (filtered)
index.js:49 [Arduino Sensor] State change: 1 -> 0 (filtered)
index.js:49 [Arduino Sensor] State change: 1 -> 0 (filtered)
index.js:49 [Arduino Sensor] State change: 1 -> 0 (filtered)
index.js:49 [Arduino Sensor] State change: 1 -> 0 (filtered)
index.js:49 [Arduino Sensor] Auto-retry attempt 6 - ensuring channel is active...
index.js:49 [Arduino Sensor] Received data via dedicated Arduino channel (609): 0
index.js:49 [Arduino Sensor] State change: 1 -> 0 (filtered)
index.js:49 [Arduino Sensor] State change: 1 -> 0 (filtered)
index.js:49 [Arduino Sensor] State change: 1 -> 0 (filtered)
index.js:49 [Arduino Sensor] State change: 1 -> 0 (filtered)
index.js:49 [Arduino Sensor] State change: 1 -> 0 (filtered)
index.js:49 [Arduino Sensor] State change: 1 -> 0 (filtered)
index.js:49 [Arduino Sensor] State change: 1 -> 0 (filtered)
index.js:49 [Arduino Sensor] State change: 1 -> 0 (filtered)
index.js:49 [Arduino Sensor] State change: 1 -> 0 (filtered)
index.js:49 [Arduino Sensor] State change: 1 -> 0 (filtered)
index.js:49 [Arduino Sensor] State change: 1 -> 0 (filtered)
index.js:49 [Arduino Sensor] State change: 1 -> 0 (filtered)
index.js:49 [Arduino Sensor] State change: 1 -> 0 (filtered)
index.js:49 [Arduino Sensor] State change: 1 -> 0 (filtered)
index.js:49 [Arduino Sensor] State change: 1 -> 0 (filtered)
index.js:49 [Arduino Sensor] State change: 1 -> 0 (filtered)
index.js:49 [Arduino Sensor] State change: 1 -> 0 (filtered)
index.js:49 [Arduino Sensor] State change: 1 -> 0 (filtered)
index.js:49 [Arduino Sensor] State change: 1 -> 0 (filtered)
index.js:49 [Arduino Sensor] State change: 1 -> 0 (filtered)
index.js:49 [Arduino Sensor] State change: 1 -> 0 (filtered)
index.js:49 [Arduino Sensor] State change: 1 -> 0 (filtered)
index.js:49 [Arduino Sensor] State change: 1 -> 0 (filtered)
index.js:49 [Arduino Sensor] State change: 1 -> 0 (filtered)
index.js:49 [Arduino Sensor] State change: 1 -> 0 (filtered)
index.js:49 [Arduino Sensor] State change: 1 -> 0 (filtered)
index.js:49 [Arduino Sensor] State change: 1 -> 0 (filtered)
index.js:49 [Arduino Sensor] State change: 1 -> 0 (filtered)
index.js:49 [Arduino Sensor] State change: 1 -> 1 (filtered)
index.js:49 [Arduino Sensor] State change: 1 -> 1 (filtered)
index.js:49 [Arduino Sensor] State change: 1 -> 1 (filtered)
index.js:49 [Arduino Sensor] State change: 1 -> 1 (filtered)
index.js:49 [Arduino Sensor] State change: 1 -> 1 (filtered)
index.js:49 [Arduino Sensor] State change: 1 -> 1 (filtered)
index.js:49 [Arduino Sensor] State change: 1 -> 1 (filtered)
index.js:49 [Arduino Sensor] State change: 1 -> 1 (filtered)
index.js:49 [Arduino Sensor] State change: 1 -> 1 (filtered)
index.js:49 [Arduino Sensor] State change: 1 -> 1 (filtered)
index.js:49 [Arduino Sensor] State change: 1 -> 1 (filtered)
index.js:49 [Arduino Sensor] State change: 1 -> 1 (filtered)
index.js:49 [Arduino Sensor] State change: 1 -> 1 (filtered)
index.js:49 [Arduino Sensor] State change: 1 -> 1 (filtered)
index.js:49 [Arduino Sensor] State change: 1 -> 1 (filtered)
index.js:49 [Arduino Sensor] State change: 1 -> 1 (filtered)
index.js:49 [Arduino Sensor] State change: 1 -> 1 (filtered)
index.js:49 Invalid sensor value received: 
handleSerialData @ index.js:49
(anonymous) @ index.js:49
(anonymous) @ VM5:21
emit @ VM4 sandbox_bundle:2
onMessage @ VM4 sandbox_bundle:2
index.js:49 Invalid sensor value received: 
handleSerialData @ index.js:49
(anonymous) @ index.js:49
(anonymous) @ VM5:18
emit @ VM4 sandbox_bundle:2
onMessage @ VM4 sandbox_bundle:2
index.js:49 [Arduino Sensor] State change: 1 -> 1 (filtered)
index.js:49 [Arduino Sensor] State change: 1 -> 1 (filtered)
index.js:49 [Arduino Sensor] State change: 1 -> 1 (filtered)
index.js:49 [Arduino Sensor] State change: 1 -> 1 (filtered)
index.js:49 [Arduino Sensor] State change: 1 -> 1 (filtered)
index.js:49 [Arduino Sensor] Received data via dedicated Arduino channel (811): 1
index.js:49 [Arduino Sensor] State change: 1 -> 1 (filtered)
index.js:49 [Arduino Sensor] State change: 1 -> 1 (filtered)
index.js:49 [Arduino Sensor] State change: 1 -> 1 (filtered)
index.js:49 [Arduino Sensor] State change: 1 -> 1 (filtered)
index.js:49 [Arduino Sensor] State change: 1 -> 1 (filtered)
index.js:49 [Arduino Sensor] State change: 1 -> 1 (filtered)
index.js:49 [Arduino Sensor] State change: 1 -> 1 (filtered)
index.js:54 
        
        
       POST https://vendinghanger.eeelab.xyz/apiendpoints.php/players net::ERR_SOCKET_NOT_CONNECTED
request @ index.js:54
createPlayer @ index.js:54
o @ index.js:54
syncData @ index.js:54
await in syncData (async)
(anonymous) @ index.js:54
index.js:54 API request failed: TypeError: Failed to fetch
    at ApiService.request (index.js:54:49917)
    at ApiService.createPlayer (index.js:54:50152)
    at o (index.js:54:54789)
    at syncData (index.js:54:55407)
request @ index.js:54
await in request (async)
createPlayer @ index.js:54
o @ index.js:54
syncData @ index.js:54
await in syncData (async)
(anonymous) @ index.js:54
index.js:54 Failed to submit queued score, will keep in queue: {id: 'score_1766648952425', name: 'BC NG', email: '', phone: '0193332446', time: 70029} TypeError: Failed to fetch
    at ApiService.request (index.js:54:49917)
    at ApiService.createPlayer (index.js:54:50152)
    at o (index.js:54:54789)
    at syncData (index.js:54:55407)
syncData @ index.js:54
await in syncData (async)
(anonymous) @ index.js:54
index.js:54 Sync: submitting score to API: {id: 'score_1766649056864', name: 'sami', email: '', phone: '0176365884', time: 65525}
index.js:49 [Arduino Sensor] State change: 1 -> 1 (filtered)
index.js:49 [Arduino Sensor] State change: 1 -> 1 (filtered)
index.js:49 [Arduino Sensor] State change: 1 -> 1 (filtered)
index.js:49 [Arduino Sensor] State change: 1 -> 1 (filtered)
index.js:49 [Arduino Sensor] State change: 1 -> 1 (filtered)
index.js:49 [Arduino Sensor] State change: 1 -> 1 (filtered)
index.js:49 [Arduino Sensor] State change: 1 -> 1 (filtered)
index.js:49 [Arduino Sensor] State change: 1 -> 1 (filtered)
index.js:49 [Arduino Sensor] State change: 1 -> 1 (filtered)
index.js:49 [Arduino Sensor] State change: 1 -> 1 (filtered)
index.js:49 [Arduino Sensor] State change: 1 -> 1 (filtered)
index.js:49 [Arduino Sensor] State change: 1 -> 1 (filtered)
index.js:49 [Arduino Sensor] State change: 1 -> 1 (filtered)
index.js:49 [Arduino Sensor] State change: 1 -> 1 (filtered)
index.js:49 [Arduino Sensor] State change: 1 -> 1 (filtered)
index.js:49 [Arduino Sensor] State change: 1 -> 1 (filtered)
index.js:49 [Arduino Sensor] State change: 1 -> 1 (filtered)
index.js:49 [Arduino Sensor] State change: 1 -> 1 (filtered)
index.js:49 [Arduino Sensor] State change: 1 -> 1 (filtered)
index.js:49 [Arduino Sensor] State change: 1 -> 1 (filtered)
index.js:49 [Arduino Sensor] State change: 1 -> 1 (filtered)
index.js:49 [Arduino Sensor] State change: 1 -> 1 (filtered)
index.js:49 [Arduino Sensor] State change: 1 -> 1 (filtered)
index.js:54 [GameScreen] Arduino sensor state change: 1 ts= 1768807536605
index.js:54 [GameScreen] Arduino: NO DETECTION - Object removed from sensor (Active Low)
index.js:54 
        
        
       POST https://vendinghanger.eeelab.xyz/apiendpoints.php/players 500 (Internal Server Error)
request @ index.js:54
createPlayer @ index.js:54
o @ index.js:54
syncData @ index.js:54
await in syncData (async)
(anonymous) @ index.js:54
index.js:54 API request failed: Error: Duplicate entry '' for key 'email'
    at ApiService.request (index.js:54:49983)
    at async o (index.js:54:54772)
    at async syncData (index.js:54:55401)
request @ index.js:54
await in request (async)
createPlayer @ index.js:54
o @ index.js:54
syncData @ index.js:54
await in syncData (async)
(anonymous) @ index.js:54
index.js:54 Failed to submit queued score, will keep in queue: {id: 'score_1766649056864', name: 'sami', email: '', phone: '0176365884', time: 65525} Error: Duplicate entry '' for key 'email'
    at ApiService.request (index.js:54:49983)
    at async o (index.js:54:54772)
    at async syncData (index.js:54:55401)
syncData @ index.js:54
await in syncData (async)
(anonymous) @ index.js:54
index.js:54 Sync: submitting score to API: {id: 'score_1766649095080', name: 'ghani', email: '', phone: '0102690938', time: 502}
index.js:49 [Arduino Sensor] Auto-retry attempt 12 - ensuring channel is active...
index.js:49 [Arduino Sensor] Received data via dedicated Arduino channel (897): 1
index.js:49 [Arduino Sensor] State change: 1 -> 1 (filtered)
index.js:49 [Arduino Sensor] State change: 1 -> 1 (filtered)
index.js:49 [Arduino Sensor] State change: 1 -> 1 (filtered)
index.js:49 [Arduino Sensor] State change: 1 -> 1 (filtered)
index.js:49 [Arduino Sensor] State change: 1 -> 1 (filtered)
index.js:49 [Arduino Sensor] State change: 1 -> 1 (filtered)
index.js:49 [Arduino Sensor] State change: 1 -> 1 (filtered)
index.js:49 [Arduino Sensor] State change: 1 -> 1 (filtered)
index.js:49 [Arduino Sensor] State change: 1 -> 1 (filtered)
index.js:49 [Arduino Sensor] State change: 1 -> 1 (filtered)
index.js:49 [Arduino Sensor] State change: 1 -> 1 (filtered)
index.js:49 [Arduino Sensor] State change: 1 -> 1 (filtered)
index.js:49 [Arduino Sensor] State change: 1 -> 1 (filtered)
index.js:49 [Arduino Sensor] State change: 1 -> 1 (filtered)
index.js:49 [Arduino Sensor] State change: 1 -> 1 (filtered)
index.js:49 [Arduino Sensor] State change: 1 -> 1 (filtered)
index.js:49 [Arduino Sensor] State change: 1 -> 1 (filtered)
index.js:49 [Arduino Sensor] State change: 1 -> 1 (filtered)
index.js:54 
        
        
       POST https://vendinghanger.eeelab.xyz/apiendpoints.php/players net::ERR_CONNECTION_REFUSED
request @ index.js:54
createPlayer @ index.js:54
o @ index.js:54
syncData @ index.js:54
await in syncData (async)
(anonymous) @ index.js:54
index.js:54 API request failed: TypeError: Failed to fetch
    at ApiService.request (index.js:54:49917)
    at ApiService.createPlayer (index.js:54:50152)
    at o (index.js:54:54789)
    at syncData (index.js:54:55407)
request @ index.js:54
await in request (async)
createPlayer @ index.js:54
o @ index.js:54
syncData @ index.js:54
await in syncData (async)
(anonymous) @ index.js:54
index.js:54 Failed to submit queued score, will keep in queue: {id: 'score_1766649095080', name: 'ghani', email: '', phone: '0102690938', time: 502} TypeError: Failed to fetch
    at ApiService.request (index.js:54:49917)
    at ApiService.createPlayer (index.js:54:50152)
    at o (index.js:54:54789)
    at syncData (index.js:54:55407)
syncData @ index.js:54
await in syncData (async)
(anonymous) @ index.js:54
index.js:54 Sync: submitting score to API: {id: 'score_1766713935538', name: 'tt', email: '', phone: '01126287162', time: 121944}
index.js:49 [Arduino Sensor] State change: 1 -> 1 (filtered)
index.js:49 [Arduino Sensor] State change: 1 -> 1 (filtered)
index.js:49 [Arduino Sensor] State change: 1 -> 1 (filtered)
index.js:54 
        
        
       POST https://vendinghanger.eeelab.xyz/apiendpoints.php/players net::ERR_CONNECTION_REFUSED
request @ index.js:54
createPlayer @ index.js:54
o @ index.js:54
syncData @ index.js:54
await in syncData (async)
(anonymous) @ index.js:54
index.js:54 API request failed: TypeError: Failed to fetch
    at ApiService.request (index.js:54:49917)
    at ApiService.createPlayer (index.js:54:50152)
    at o (index.js:54:54789)
    at syncData (index.js:54:55407)
request @ index.js:54
await in request (async)
createPlayer @ index.js:54
o @ index.js:54
syncData @ index.js:54
await in syncData (async)
(anonymous) @ index.js:54
index.js:54 Failed to submit queued score, will keep in queue: {id: 'score_1766713935538', name: 'tt', email: '', phone: '01126287162', time: 121944} TypeError: Failed to fetch
    at ApiService.request (index.js:54:49917)
    at ApiService.createPlayer (index.js:54:50152)
    at o (index.js:54:54789)
    at syncData (index.js:54:55407)
syncData @ index.js:54
await in syncData (async)
(anonymous) @ index.js:54
index.js:54 Sync: submitting score to API: {id: 'score_1766726160465', name: 'chan', email: '', phone: '0165015246', time: 61609}
index.js:49 [Arduino Sensor] State change: 1 -> 1 (filtered)
index.js:49 [Arduino Sensor] State change: 1 -> 1 (filtered)
index.js:49 [Arduino Sensor] State change: 1 -> 1 (filtered)
index.js:49 [Arduino Sensor] State change: 1 -> 1 (filtered)
 [GameScreen] Arduino sensor state change: 1 ts= 1768807571020
 [GameScreen] Arduino: NO DETECTION - Object removed from sensor (Active Low)
  POST https://vendinghanger.eeelab.xyz/apiendpoints.php/players net::ERR_CONNECTION_REFUSED
request @ index.js:54
createPlayer @ index.js:54
o @ index.js:54
syncData @ index.js:54
await in syncData (async)
(anonymous) @ index.js:54
 API request failed: 
request @ index.js:54
await in request (async)
createPlayer @ index.js:54
o @ index.js:54
syncData @ index.js:54
await in syncData (async)
(anonymous) @ index.js:54
 Failed to submit queued score, will keep in queue: {id: 'score_1766726160465', name: 'chan', email: '', phone: '0165015246', time: 61609} 
syncData @ index.js:54
await in syncData (async)
(anonymous) @ index.js:54
 Sync partially successful. 6 item(s) remain in queue.
 [Arduino Sensor] State change: 1 -> 1 (filtered)
