(index):64 cdn.tailwindcss.com should not be used in production. To use Tailwind CSS in production, install it as a PostCSS plugin or use the Tailwind CLI: https://tailwindcss.com/docs/installation
(anonymous) @ (index):64
(anonymous) @ (index):64
index.js:50 [TCN SERIAL] CRITICAL: serialport not available, using MockSerialPort
(anonymous) @ index.js:50
index.js:50 [TCN SERIAL] Try: npm rebuild serialport or npx electron-rebuild
(anonymous) @ index.js:50
index.js:50 [TCN SERIAL] ATTEMPTING FORCE LOAD NATIVE SERIALPORT...
index.js:50 [TCN SERIAL] ✗ Force load error: require is not defined
index.js:50 [TCN SERIAL] Mode: MOCK
index.js:50 [TCN SERIAL] TCN Service initialized with COM1 priority
index.js:54 [TCN INTEGRATION] Initialized with 2 gold, 42 silver slots
index.js:54 [INVENTORY STORAGE] Database not initialized, attempting to initialize...
getAllSlotInventory @ index.js:54
loadSlotData @ index.js:54
ensureCacheValid @ index.js:54
getSlotInventory @ index.js:54
V @ index.js:54
(anonymous) @ index.js:54
ea @ index.js:48
qu @ index.js:48
Rt @ index.js:48
qu @ index.js:48
Rt @ index.js:48
qu @ index.js:48
Rt @ index.js:48
qu @ index.js:48
Rt @ index.js:48
qu @ index.js:48
uf @ index.js:48
(anonymous) @ index.js:48
ft @ index.js:25
index.js:54 [INVENTORY STORAGE] Initializing database...
index.js:55 [APP] Spring Vending Service DISABLED to prevent IPC channel conflicts with Arduino sensor
index.js:55 [APP] Using Legacy Electron Vending only for prize dispensing
index.js:55 [ELECTRON VENDING] Spring SDK DISABLED - using Enhanced Legacy Serial with Arduino compatibility
index.js:55 [ELECTRON VENDING] Initializing inventory management...
index.js:54 [INVENTORY STORAGE] Initializing database...
index.js:54 [TCN INTEGRATION] Initializing complete vending system...
index.js:54 [INVENTORY STORAGE] Initializing database...
index.js:49 [Arduino Sensor] Already DISABLED - skipping
index.js:49 [Arduino Sensor] Available ports: [{…}]
index.js:49 [Arduino Sensor] Found serial ports, setting up listeners
index.js:49 [Arduino Sensor] IPC listeners will be set up when serial port connects
index.js:49 Arduino sensor service initialized
index.js:54 [INVENTORY STORAGE] Database initialized successfully
index.js:54 [INVENTORY STORAGE] Database initialized successfully
index.js:54 [INVENTORY STORAGE] Database initialized successfully
 [INVENTORY STORAGE] Clearing all slot inventory for reinitialization...
 [TCN INTEGRATION] Loaded 44 slot records from storage
 [TCN INTEGRATION] Loaded 44 slot records from storage
 [ELECTRON VENDING] Existing slot configuration found - preserving counts
 [INVENTORY STORAGE] All slot inventory cleared successfully
 [TCN INTEGRATION] Loaded 0 slot records from storage
 [TCN INTEGRATION] Loaded 0 slot records from storage
 [TCN INTEGRATION] Step 1: Connecting to TCN hardware...
 === TCN SERIAL AUTO-CONNECT ===
 [TCN SERIAL] MODE: MOCK
 [TCN SERIAL] Starting COM1 priority auto-detection...
 [TCN SERIAL] CRITICAL: Still in mock mode - serialport package not loading properly
autoConnect @ index.js:50
initialize @ index.js:54
await in initialize (async)
(anonymous) @ index.js:55
ea @ index.js:48
qu @ index.js:48
Rt @ index.js:48
qu @ index.js:48
Rt @ index.js:48
qu @ index.js:48
uf @ index.js:48
(anonymous) @ index.js:48
ft @ index.js:25
 [TCN SERIAL] Try: npm rebuild serialport or npx electron-rebuild
autoConnect @ index.js:50
initialize @ index.js:54
await in initialize (async)
(anonymous) @ index.js:55
ea @ index.js:48
qu @ index.js:48
Rt @ index.js:48
qu @ index.js:48
Rt @ index.js:48
qu @ index.js:48
uf @ index.js:48
(anonymous) @ index.js:48
ft @ index.js:25
 [TCN SERIAL] PRODUCTION NOTE: In production, ensure serialport package is properly built
 [TCN SERIAL] VERSION 1.0.3 COMPATIBILITY: Attempting real connection despite mock mode...
 [TCN SERIAL] Attempting aggressive force-load of serialport...
 [TCN SERIAL] Found 3 available ports: (3) [{…}, {…}, {…}]
 [TCN SERIAL] PRODUCTION NOTE: System will auto-detect TCN controller on any available COM port
 [TCN SERIAL] Using mock-to-real bridge for Version 1.0.3 compatibility
 [TCN SERIAL] Simulating port detection for forced connection...
 [TCN SERIAL] PRODUCTION NOTE: System will auto-detect TCN controller on any available COM port
 [TCN SERIAL] PRIORITY 1: Found COM1, attempting connection...
 [TCN SERIAL] COM1 Details: {"path":"COM1","manufacturer":"(Standard port types)"}
 [TCN SERIAL] VERSION 1.0.3: Attempting forced real connection to COM1...
 [TCN SERIAL] FORCED CONNECTION: COM1 at 115200 baud
 [TCN SERIAL] VERSION 1.0.3: Attempting to bypass mock mode...
 [TCN SERIAL] VERSION 1.0.3: Using forced connection method for COM1...
 [TCN SERIAL] FORCED CONNECTION: COM1 at 115200 baud
 [TCN SERIAL] VERSION 1.0.3: Attempting to bypass mock mode...
 [TCN SERIAL] ✗ Approach 1 failed: require is not defined
 [TCN SERIAL] ✗ Approach 1 failed: require is not defined
 [INVENTORY STORAGE] Updated slot 24: 0/5
 [TCN SERIAL] ✗ Approach 2 failed: Class extends value undefined is not a constructor or null
index.js:50 [TCN SERIAL] ✗ Could not acquire real serialport, falling back to mock
index.js:50 [TCN SERIAL] ✗ Failed to connect to COM1
index.js:50 [TCN SERIAL] Analyzing ports for TCN compatibility...
index.js:50 [TCN SERIAL] Available ports were: (4) ['COM1', 'COM3', 'COM4', 'COM8']
index.js:50 [TCN SERIAL] Port COM1: manufacturer="(standard port types)", pnpId="N/A"
index.js:50 [TCN SERIAL] Port COM1: USB=false, COM=true, Unix=false, TCN=true
index.js:50 [TCN SERIAL] Port COM3: manufacturer="prolific", pnpId="N/A"
index.js:50 [TCN SERIAL] Port COM3: USB=false, COM=true, Unix=false, TCN=true
index.js:50 [TCN SERIAL] Port COM4: manufacturer="ch340", pnpId="N/A"
index.js:50 [TCN SERIAL] Port COM4: USB=false, COM=true, Unix=false, TCN=true
index.js:50 [TCN SERIAL] Port COM8: manufacturer="microsoft", pnpId="N/A"
index.js:50 [TCN SERIAL] Port COM8: USB=false, COM=true, Unix=false, TCN=true
index.js:50 [TCN SERIAL] Found 4 TCN-compatible ports: (4) [{…}, {…}, {…}, {…}]
index.js:50 [TCN SERIAL] PRIORITY 2: Trying port: COM1 (manufacturer=(Standard port types))
index.js:50 [TCN SERIAL] VERSION 1.0.3: Attempting forced real connection to COM1...
index.js:50 [TCN SERIAL] FORCED CONNECTION: COM1 at 115200 baud
index.js:50 [TCN SERIAL] VERSION 1.0.3: Attempting to bypass mock mode...
index.js:50 [TCN SERIAL] VERSION 1.0.3: Using forced connection method for COM1...
index.js:50 [TCN SERIAL] FORCED CONNECTION: COM1 at 115200 baud
index.js:50 [TCN SERIAL] VERSION 1.0.3: Attempting to bypass mock mode...
index.js:50 [TCN SERIAL] ✗ Approach 1 failed: require is not defined
index.js:50 [TCN SERIAL] ✗ Approach 1 failed: require is not defined
index.js:50 [TCN SERIAL] ✗ Approach 2 failed: Class extends value undefined is not a constructor or null
index.js:50 [TCN SERIAL] ✗ Could not acquire real serialport, falling back to mock
index.js:50 [TCN SERIAL] ✗ Could not acquire real serialport, falling back to mock
index.js:50 [TCN SERIAL] PRIORITY 2: Trying port: COM3 (manufacturer=Prolific)
index.js:50 [TCN SERIAL] VERSION 1.0.3: Attempting forced real connection to COM3...
index.js:50 [TCN SERIAL] FORCED CONNECTION: COM3 at 115200 baud
index.js:50 [TCN SERIAL] VERSION 1.0.3: Attempting to bypass mock mode...
index.js:50 [TCN SERIAL] VERSION 1.0.3: Using forced connection method for COM3...
index.js:50 [TCN SERIAL] FORCED CONNECTION: COM3 at 115200 baud
index.js:50 [TCN SERIAL] VERSION 1.0.3: Attempting to bypass mock mode...
index.js:50 [TCN SERIAL] ✗ Approach 1 failed: require is not defined
index.js:50 [TCN SERIAL] ✗ Approach 1 failed: require is not defined
index.js:50 [TCN SERIAL] ✗ Approach 2 failed: Class extends value undefined is not a constructor or null
index.js:50 [TCN SERIAL] ✗ Could not acquire real serialport, falling back to mock
index.js:50 [TCN SERIAL] ✗ Could not acquire real serialport, falling back to mock
index.js:50 [TCN SERIAL] PRIORITY 2: Trying port: COM4 (manufacturer=CH340)
index.js:50 [TCN SERIAL] VERSION 1.0.3: Attempting forced real connection to COM4...
index.js:50 [TCN SERIAL] FORCED CONNECTION: COM4 at 115200 baud
index.js:50 [TCN SERIAL] VERSION 1.0.3: Attempting to bypass mock mode...
index.js:50 [TCN SERIAL] VERSION 1.0.3: Using forced connection method for COM4...
index.js:50 [TCN SERIAL] FORCED CONNECTION: COM4 at 115200 baud
index.js:50 [TCN SERIAL] VERSION 1.0.3: Attempting to bypass mock mode...
index.js:50 [TCN SERIAL] ✗ Approach 1 failed: require is not defined
index.js:50 [TCN SERIAL] ✗ Approach 1 failed: require is not defined
index.js:54 [INVENTORY STORAGE] Updated slot 25: 0/5
index.js:50 [TCN SERIAL] ✗ Approach 2 failed: Class extends value undefined is not a constructor or null
index.js:50 [TCN SERIAL] ✗ Could not acquire real serialport, falling back to mock
index.js:50 [TCN SERIAL] ✗ Could not acquire real serialport, falling back to mock
index.js:50 [TCN SERIAL] PRIORITY 2: Trying port: COM8 (manufacturer=Microsoft)
index.js:50 [TCN SERIAL] VERSION 1.0.3: Attempting forced real connection to COM8...
index.js:50 [TCN SERIAL] FORCED CONNECTION: COM8 at 115200 baud
index.js:50 [TCN SERIAL] VERSION 1.0.3: Attempting to bypass mock mode...
index.js:50 [TCN SERIAL] VERSION 1.0.3: Using forced connection method for COM8...
index.js:50 [TCN SERIAL] FORCED CONNECTION: COM8 at 115200 baud
index.js:50 [TCN SERIAL] VERSION 1.0.3: Attempting to bypass mock mode...
index.js:50 [TCN SERIAL] ✗ Approach 1 failed: require is not defined
index.js:50 [TCN SERIAL] ✗ Approach 1 failed: require is not defined
index.js:50 [TCN SERIAL] ✗ Approach 2 failed: Class extends value undefined is not a constructor or null
index.js:50 [TCN SERIAL] ✗ Could not acquire real serialport, falling back to mock
index.js:50 [TCN SERIAL] ✗ Could not acquire real serialport, falling back to mock
index.js:50 [TCN SERIAL] ✗ Failed to connect to any serial port
autoConnect @ index.js:50
await in autoConnect (async)
initialize @ index.js:54
await in initialize (async)
(anonymous) @ index.js:55
ea @ index.js:48
qu @ index.js:48
Rt @ index.js:48
qu @ index.js:48
Rt @ index.js:48
qu @ index.js:48
uf @ index.js:48
(anonymous) @ index.js:48
ft @ index.js:25
index.js:50 [TCN SERIAL] Available ports were: (4) ['COM1', 'COM3', 'COM4', 'COM8']
autoConnect @ index.js:50
await in autoConnect (async)
initialize @ index.js:54
await in initialize (async)
(anonymous) @ index.js:55
ea @ index.js:48
qu @ index.js:48
Rt @ index.js:48
qu @ index.js:48
Rt @ index.js:48
qu @ index.js:48
uf @ index.js:48
(anonymous) @ index.js:48
ft @ index.js:25
index.js:54 [TCN INTEGRATION] Auto-connect failed, trying COM1 force connection...
initialize @ index.js:54
await in initialize (async)
(anonymous) @ index.js:55
ea @ index.js:48
qu @ index.js:48
Rt @ index.js:48
qu @ index.js:48
Rt @ index.js:48
qu @ index.js:48
uf @ index.js:48
(anonymous) @ index.js:48
ft @ index.js:25
index.js:50 [TCN SERIAL] FORCING COM1 CONNECTION...
index.js:50 [TCN SERIAL] Cannot force COM1 - still in mock mode
forceConnectCOM1 @ index.js:50
initialize @ index.js:54
await in initialize (async)
(anonymous) @ index.js:55
ea @ index.js:48
qu @ index.js:48
Rt @ index.js:48
qu @ index.js:48
Rt @ index.js:48
qu @ index.js:48
uf @ index.js:48
(anonymous) @ index.js:48
ft @ index.js:25
index.js:54 [TCN INTEGRATION] TCN hardware not available, will use simulation
initialize @ index.js:54
await in initialize (async)
(anonymous) @ index.js:55
ea @ index.js:48
qu @ index.js:48
Rt @ index.js:48
qu @ index.js:48
Rt @ index.js:48
qu @ index.js:48
uf @ index.js:48
(anonymous) @ index.js:48
ft @ index.js:25
index.js:54 [TCN INTEGRATION] Step 2: Initializing Arduino sensors...
index.js:54 [TCN INTEGRATION] Arduino sensor service initialized (GameScreen will manage activation)
index.js:54 [TCN INTEGRATION] Integration complete
index.js:55 [APP] TCN Integration initialization: SUCCESS
index.js:54 [INVENTORY STORAGE] Updated slot 1: 0/5
index.js:54 [INVENTORY STORAGE] Updated slot 2: 0/5
index.js:54 [INVENTORY STORAGE] Updated slot 3: 0/5
index.js:54 [INVENTORY STORAGE] Updated slot 4: 0/5
index.js:54 [INVENTORY STORAGE] Updated slot 5: 0/5
index.js:54 [INVENTORY STORAGE] Updated slot 6: 0/5
index.js:54 [INVENTORY STORAGE] Updated slot 7: 0/5
index.js:54 [INVENTORY STORAGE] Updated slot 8: 0/5
index.js:54 [INVENTORY STORAGE] Updated slot 11: 0/5
index.js:54 [INVENTORY STORAGE] Updated slot 12: 0/5
index.js:54 [INVENTORY STORAGE] Updated slot 13: 0/5
index.js:54 [INVENTORY STORAGE] Updated slot 14: 0/5
index.js:54 [INVENTORY STORAGE] Updated slot 15: 0/5
index.js:54 [INVENTORY STORAGE] Updated slot 16: 0/5
index.js:54 [INVENTORY STORAGE] Updated slot 17: 0/5
index.js:54 [INVENTORY STORAGE] Updated slot 18: 0/5
index.js:54 [INVENTORY STORAGE] Updated slot 21: 0/5
index.js:54 [INVENTORY STORAGE] Updated slot 22: 0/5
index.js:54 [INVENTORY STORAGE] Updated slot 23: 0/5
index.js:54 [INVENTORY STORAGE] Updated slot 26: 0/5
index.js:54 [INVENTORY STORAGE] Updated slot 27: 0/5
index.js:54 [INVENTORY STORAGE] Updated slot 28: 0/5
index.js:54 [INVENTORY STORAGE] Updated slot 31: 0/5
index.js:54 [INVENTORY STORAGE] Updated slot 32: 0/5
index.js:54 [INVENTORY STORAGE] Updated slot 33: 0/5
index.js:54 [INVENTORY STORAGE] Updated slot 34: 0/5
index.js:54 [INVENTORY STORAGE] Updated slot 35: 0/5
index.js:54 [INVENTORY STORAGE] Updated slot 36: 0/5
index.js:54 [INVENTORY STORAGE] Updated slot 37: 0/5
index.js:54 [INVENTORY STORAGE] Updated slot 38: 0/5
index.js:54 [INVENTORY STORAGE] Updated slot 45: 0/5
index.js:54 [INVENTORY STORAGE] Updated slot 46: 0/5
index.js:54 [INVENTORY STORAGE] Updated slot 47: 0/5
index.js:54 [INVENTORY STORAGE] Updated slot 48: 0/5
index.js:54 [INVENTORY STORAGE] Updated slot 51: 0/5
index.js:54 [INVENTORY STORAGE] Updated slot 52: 0/5
index.js:54 [INVENTORY STORAGE] Updated slot 53: 0/5
index.js:54 [INVENTORY STORAGE] Updated slot 54: 0/5
index.js:54 [INVENTORY STORAGE] Updated slot 55: 0/5
index.js:54 [INVENTORY STORAGE] Updated slot 56: 0/5
index.js:54 [INVENTORY STORAGE] Updated slot 57: 0/5
index.js:54 [INVENTORY STORAGE] Updated slot 58: 0/5
index.js:55 [ELECTRON VENDING] Checking for pending operations to sync...
index.js:55 [ELECTRON VENDING] No pending operations to sync
index.js:55 [ELECTRON VENDING] Inventory management initialized
index.js:55 [ELECTRON VENDING] Enhanced Legacy Serial initialized successfully
index.js:55 [APP] Legacy Electron Vending initialization: SUCCESS
index.js:49 [Arduino Sensor] Already DISABLED - skipping
index.js:49 [Arduino Sensor] Already DISABLED - skipping
index.js:49 [Arduino Sensor] Already DISABLED - skipping
index.js:54 Sync queue is empty.
index.js:54 [GameScreen] Setting up Arduino sensor service...
index.js:49 [Arduino Sensor] === ENHANCED WINDOWS COM PORT DEBUGGING ===
index.js:49 [Arduino Sensor] ElectronAPI available: true
index.js:49 [Arduino Sensor] getSerialPorts method available: true
index.js:49 [Arduino Sensor] Proactive COM port initialization starting...
index.js:49 [Arduino Sensor] Starting proactive COM port state management...
index.js:49 [Arduino Sensor] State reset - ready for new game
index.js:54 [GameScreen] Arduino sensor service initialized, setting up handlers...
index.js:49 [Arduino Sensor] Already ENABLED - skipping
index.js:54 [GameScreen] Arduino sensor service enabled
index.js:49 [Arduino Sensor] State reset - ready for new game
index.js:54 [GameScreen] Arduino sensor state reset
index.js:49 [Arduino Sensor] Fresh port scan after initialization: [{…}]
index.js:49 [Arduino Sensor] Pre-testing port COM10 to clear state...
index.js:49 [Arduino Sensor] ✓ Port COM10 state cleared successfully
index.js:49 [Arduino Sensor] Proactive initialization completed
index.js:49 [Arduino Sensor] Attempting to get serial ports...
index.js:49 [Arduino Sensor] Raw ports result: [{…}]
index.js:49 [Arduino Sensor] Ports type: object
index.js:49 [Arduino Sensor] Ports isArray: true
index.js:49 [Arduino Sensor] Ports length: 1
index.js:49 [Arduino Sensor] Available ports: [{…}]
index.js:49 [Arduino Sensor] Selected Arduino manufacturer port: COM10 (most reliable for Arduino)
index.js:49 [Arduino Sensor] Port selection details:
index.js:49   - Available ports: ['COM10 (Arduino LLC (www.arduino.cc))']
index.js:49   - Arduino manufacturer ports: ['COM10 (Arduino LLC (www.arduino.cc))']
index.js:49   - Selected port: COM10
index.js:49   - Port manufacturer: Arduino LLC (www.arduino.cc)
index.js:49 [Arduino Sensor] Attempting to connect to COM10
index.js:49 [Arduino Sensor] Trying Standard connection strategy...
index.js:49 [Arduino Sensor] ✓ Standard strategy successful
index.js:49 [Arduino Sensor] ✓ Successfully connected to COM10 at 9600 baud
index.js:49 [Arduino Sensor] Dedicated Arduino data channel listener set up
index.js:49 [Arduino Sensor] IPC listeners set up after serial connection (data will only be processed when enabled)
index.js:49 [Arduino Sensor] Starting automatic channel retry mechanism...
index.js:49 Arduino sensor ENABLED and ready for data (REAL HARDWARE MODE)
index.js:49 [Arduino Sensor] Starting automatic channel retry mechanism...
index.js:49 [Arduino Sensor] Received data via dedicated Arduino channel (1): 1
index.js:49 [Arduino Sensor] State change: 0 -> 1 (filtered)
index.js:49 [Arduino Sensor] Received data via shared channel (2): 1
index.js:49 [Arduino Sensor] Received data via dedicated Arduino channel (3): 1
index.js:49 [Arduino Sensor] State change: 0 -> 1 (filtered)
index.js:49 [Arduino Sensor] Received data via shared channel (4): 1
index.js:49 [Arduino Sensor] Received data via dedicated Arduino channel (5): 1
index.js:49 [Arduino Sensor] State change: 0 -> 1 (filtered)
index.js:49 [Arduino Sensor] Received data via shared channel (6): 1
index.js:49 [Arduino Sensor] Received data via dedicated Arduino channel (7): 1
index.js:49 [Arduino Sensor] State change: 0 -> 1 (filtered)
index.js:49 [Arduino Sensor] Received data via shared channel (8): 1
index.js:49 [Arduino Sensor] Received data via dedicated Arduino channel (9): 1
index.js:49 [Arduino Sensor] State change: 0 -> 1 (filtered)
index.js:49 [Arduino Sensor] Received data via shared channel (10): 1
index.js:49 [Arduino Sensor] Received data via dedicated Arduino channel (11): 1
index.js:49 [Arduino Sensor] State change: 0 -> 1 (filtered)
index.js:49 [Arduino Sensor] Received data via shared channel (12): 1
index.js:49 [Arduino Sensor] Received data via dedicated Arduino channel (13): 1
index.js:49 [Arduino Sensor] State change: 0 -> 1 (filtered)
index.js:49 [Arduino Sensor] Received data via shared channel (14): 1
index.js:49 [Arduino Sensor] Received data via dedicated Arduino channel (15): 1
index.js:49 [Arduino Sensor] State change: 0 -> 1 (filtered)
index.js:49 [Arduino Sensor] Received data via shared channel (16): 1
index.js:49 [Arduino Sensor] Received data via dedicated Arduino channel (17): 1
index.js:49 [Arduino Sensor] State change: 0 -> 1 (filtered)
index.js:49 [Arduino Sensor] Received data via shared channel (18): 1
index.js:49 [Arduino Sensor] Received data via dedicated Arduino channel (19): 
index.js:49 Invalid sensor value received: 
handleSerialData @ index.js:49
(anonymous) @ index.js:49
(anonymous) @ VM18:21
emit @ VM17 sandbox_bundle:2
onMessage @ VM17 sandbox_bundle:2
index.js:49 [Arduino Sensor] Received data via shared channel (20): 
index.js:49 Invalid sensor value received: 
handleSerialData @ index.js:49
(anonymous) @ index.js:49
(anonymous) @ VM18:18
emit @ VM17 sandbox_bundle:2
onMessage @ VM17 sandbox_bundle:2
index.js:49 [Arduino Sensor] Received data via dedicated Arduino channel (21): 1
index.js:49 [Arduino Sensor] State change: 0 -> 1 (filtered)
index.js:49 [Arduino Sensor] Received data via shared channel (22): 1
index.js:49 [Arduino Sensor] Received data via dedicated Arduino channel (23): 1
index.js:49 [Arduino Sensor] State change: 0 -> 1 (filtered)
index.js:49 [Arduino Sensor] Received data via shared channel (24): 1
index.js:49 [Arduino Sensor] Received data via dedicated Arduino channel (25): 1
index.js:49 [Arduino Sensor] State change: 0 -> 1 (filtered)
index.js:49 [Arduino Sensor] Received data via shared channel (26): 1
index.js:49 [Arduino Sensor] Received data via dedicated Arduino channel (27): 1
index.js:49 [Arduino Sensor] State change: 0 -> 1 (filtered)
index.js:49 [Arduino Sensor] Received data via shared channel (28): 1
index.js:49 [Arduino Sensor] Received data via dedicated Arduino channel (29): 1
index.js:49 [Arduino Sensor] State change: 0 -> 1 (filtered)
index.js:49 [Arduino Sensor] Received data via shared channel (30): 1
index.js:49 [Arduino Sensor] Received data via dedicated Arduino channel (31): 1
index.js:49 [Arduino Sensor] State change: 0 -> 1 (filtered)
index.js:49 [Arduino Sensor] Received data via shared channel (32): 1
index.js:49 [Arduino Sensor] Received data via dedicated Arduino channel (33): 1
index.js:49 [Arduino Sensor] State change: 0 -> 1 (filtered)
index.js:49 [Arduino Sensor] Received data via shared channel (34): 1
index.js:49 [Arduino Sensor] Received data via dedicated Arduino channel (35): 1
index.js:49 [Arduino Sensor] State change: 0 -> 1 (filtered)
index.js:49 [Arduino Sensor] Received data via shared channel (36): 1
index.js:49 [Arduino Sensor] Received data via dedicated Arduino channel (37): 1
index.js:49 [Arduino Sensor] State change: 0 -> 1 (filtered)
index.js:49 [Arduino Sensor] Received data via shared channel (38): 1
index.js:49 [Arduino Sensor] Received data via dedicated Arduino channel (39): 1
index.js:49 [Arduino Sensor] State change: 0 -> 1 (filtered)
index.js:49 [Arduino Sensor] Received data via shared channel (40): 1
index.js:49 [Arduino Sensor] Received data via dedicated Arduino channel (41): 1
index.js:49 [Arduino Sensor] State change: 0 -> 1 (filtered)
index.js:49 [Arduino Sensor] Received data via shared channel (42): 1
index.js:49 [Arduino Sensor] Received data via dedicated Arduino channel (43): 1
index.js:49 [Arduino Sensor] State change: 0 -> 1 (filtered)
index.js:49 [Arduino Sensor] Received data via shared channel (44): 1
index.js:49 [Arduino Sensor] Received data via dedicated Arduino channel (45): 1
index.js:49 [Arduino Sensor] State change: 0 -> 1 (filtered)
index.js:49 [Arduino Sensor] Received data via shared channel (46): 1
index.js:49 [Arduino Sensor] Received data via dedicated Arduino channel (47): 1
index.js:49 [Arduino Sensor] State change: 0 -> 1 (filtered)
index.js:49 [Arduino Sensor] Received data via shared channel (48): 1
index.js:49 [Arduino Sensor] Received data via dedicated Arduino channel (49): 1
index.js:49 [Arduino Sensor] State change: 0 -> 1 (filtered)
index.js:49 [Arduino Sensor] Received data via shared channel (50): 1
index.js:49 [Arduino Sensor] Received data via dedicated Arduino channel (51): 1
index.js:49 [Arduino Sensor] State change: 0 -> 1 (filtered)
index.js:49 [Arduino Sensor] Received data via shared channel (52): 1
index.js:49 [Arduino Sensor] Received data via dedicated Arduino channel (53): 1
index.js:49 [Arduino Sensor] State change: 0 -> 1 (filtered)
index.js:49 [Arduino Sensor] Received data via shared channel (54): 1
index.js:49 [Arduino Sensor] Received data via dedicated Arduino channel (55): 1
index.js:49 [Arduino Sensor] State change: 0 -> 1 (filtered)
index.js:49 [Arduino Sensor] Received data via shared channel (56): 1
index.js:49 [Arduino Sensor] Received data via dedicated Arduino channel (57): 1
index.js:49 [Arduino Sensor] State change: 0 -> 1 (filtered)
index.js:49 [Arduino Sensor] Received data via shared channel (58): 1
index.js:49 [Arduino Sensor] Received data via dedicated Arduino channel (59): 1
index.js:49 [Arduino Sensor] State change: 0 -> 1 (filtered)
index.js:49 [Arduino Sensor] Received data via shared channel (60): 1
index.js:49 [Arduino Sensor] Received data via dedicated Arduino channel (61): 1
index.js:49 [Arduino Sensor] State change: 0 -> 1 (filtered)
index.js:49 [Arduino Sensor] Received data via shared channel (62): 1
index.js:49 [Arduino Sensor] Received data via dedicated Arduino channel (63): 1
index.js:49 [Arduino Sensor] State change: 0 -> 1 (filtered)
index.js:49 [Arduino Sensor] Received data via shared channel (64): 1
index.js:49 [Arduino Sensor] Received data via dedicated Arduino channel (65): 1
index.js:49 [Arduino Sensor] State change: 0 -> 1 (filtered)
index.js:49 [Arduino Sensor] Received data via shared channel (66): 1
index.js:49 [Arduino Sensor] Received data via dedicated Arduino channel (67): 1
index.js:49 [Arduino Sensor] State change: 0 -> 1 (filtered)
index.js:49 [Arduino Sensor] Received data via shared channel (68): 1
index.js:49 [Arduino Sensor] Received data via dedicated Arduino channel (69): 1
index.js:49 [Arduino Sensor] State change: 0 -> 1 (filtered)
index.js:49 [Arduino Sensor] Received data via shared channel (70): 1
index.js:49 [Arduino Sensor] Received data via dedicated Arduino channel (71): 1
index.js:49 [Arduino Sensor] State change: 0 -> 1 (filtered)
index.js:49 [Arduino Sensor] Received data via shared channel (72): 1
index.js:49 [Arduino Sensor] Received data via dedicated Arduino channel (73): 1
index.js:49 [Arduino Sensor] State change: 0 -> 1 (filtered)
index.js:49 [Arduino Sensor] Received data via shared channel (74): 1
index.js:49 [Arduino Sensor] Received data via dedicated Arduino channel (75): 1
index.js:49 [Arduino Sensor] State change: 0 -> 1 (filtered)
index.js:49 [Arduino Sensor] Received data via shared channel (76): 1
index.js:49 [Arduino Sensor] Received data via dedicated Arduino channel (77): 1
index.js:49 [Arduino Sensor] State change: 0 -> 1 (filtered)
index.js:49 [Arduino Sensor] Received data via shared channel (78): 1
index.js:49 [Arduino Sensor] Received data via dedicated Arduino channel (79): 1
index.js:49 [Arduino Sensor] State change: 0 -> 1 (filtered)
index.js:49 [Arduino Sensor] Received data via shared channel (80): 1
index.js:49 [Arduino Sensor] Received data via dedicated Arduino channel (81): 1
index.js:49 [Arduino Sensor] State change: 0 -> 1 (filtered)
index.js:49 [Arduino Sensor] Received data via shared channel (82): 1
index.js:49 [Arduino Sensor] Received data via dedicated Arduino channel (83): 1
index.js:49 [Arduino Sensor] State change: 0 -> 1 (filtered)
index.js:49 [Arduino Sensor] Received data via shared channel (84): 1
index.js:49 [Arduino Sensor] Received data via dedicated Arduino channel (85): 1
index.js:49 [Arduino Sensor] State change: 0 -> 1 (filtered)
index.js:49 [Arduino Sensor] Received data via shared channel (86): 1
index.js:49 [Arduino Sensor] Received data via dedicated Arduino channel (87): 1
index.js:49 [Arduino Sensor] State change: 0 -> 1 (filtered)
index.js:49 [Arduino Sensor] Received data via shared channel (88): 1
index.js:49 [Arduino Sensor] Received data via dedicated Arduino channel (89): 1
index.js:49 [Arduino Sensor] State change: 0 -> 1 (filtered)
index.js:49 [Arduino Sensor] Received data via shared channel (90): 1
index.js:49 [Arduino Sensor] Received data via dedicated Arduino channel (91): 1
index.js:49 [Arduino Sensor] State change: 0 -> 1 (filtered)
index.js:49 [Arduino Sensor] Received data via shared channel (92): 1
index.js:49 [Arduino Sensor] Received data via dedicated Arduino channel (93): 1
index.js:49 [Arduino Sensor] State change: 0 -> 1 (filtered)
index.js:49 [Arduino Sensor] Received data via shared channel (94): 1
index.js:49 [Arduino Sensor] Received data via dedicated Arduino channel (95): 1
index.js:49 [Arduino Sensor] State change: 0 -> 1 (filtered)
index.js:49 [Arduino Sensor] Received data via shared channel (96): 1
index.js:49 [Arduino Sensor] Received data via dedicated Arduino channel (97): 1
index.js:49 [Arduino Sensor] State change: 0 -> 1 (filtered)
index.js:49 [Arduino Sensor] Received data via shared channel (98): 1
index.js:49 [Arduino Sensor] Received data via dedicated Arduino channel (99): 1
index.js:49 [Arduino Sensor] State change: 0 -> 1 (filtered)
index.js:49 [Arduino Sensor] Received data via shared channel (100): 1
index.js:49 [Arduino Sensor] Received data via dedicated Arduino channel (101): 1
index.js:49 [Arduino Sensor] State change: 0 -> 1 (filtered)
index.js:49 [Arduino Sensor] Received data via shared channel (102): 1
index.js:49 [Arduino Sensor] Received data via dedicated Arduino channel (103): 1
index.js:49 [Arduino Sensor] State change: 0 -> 1 (filtered)
index.js:49 [Arduino Sensor] Received data via shared channel (104): 1
index.js:49 [Arduino Sensor] Received data via dedicated Arduino channel (105): 1
index.js:49 [Arduino Sensor] State change: 0 -> 1 (filtered)
index.js:49 [Arduino Sensor] Received data via shared channel (106): 1
index.js:49 [Arduino Sensor] Received data via dedicated Arduino channel (107): 1
index.js:49 [Arduino Sensor] State change: 0 -> 1 (filtered)
index.js:49 [Arduino Sensor] Received data via shared channel (108): 1
index.js:49 [Arduino Sensor] Received data via dedicated Arduino channel (109): 1
index.js:49 [Arduino Sensor] State change: 0 -> 1 (filtered)
index.js:49 [Arduino Sensor] Received data via shared channel (110): 1
index.js:49 [Arduino Sensor] Received data via dedicated Arduino channel (111): 1
index.js:49 [Arduino Sensor] State change: 0 -> 1 (filtered)
index.js:49 [Arduino Sensor] Received data via shared channel (112): 1
index.js:49 [Arduino Sensor] Received data via dedicated Arduino channel (113): 1
index.js:49 [Arduino Sensor] State change: 0 -> 1 (filtered)
index.js:49 [Arduino Sensor] Received data via shared channel (114): 1
index.js:49 [Arduino Sensor] Received data via dedicated Arduino channel (115): 1
index.js:49 [Arduino Sensor] State change: 0 -> 1 (filtered)
index.js:49 [Arduino Sensor] Received data via shared channel (116): 1
index.js:49 [Arduino Sensor] Received data via dedicated Arduino channel (117): 1
index.js:49 [Arduino Sensor] State change: 0 -> 1 (filtered)
index.js:49 [Arduino Sensor] Received data via shared channel (118): 1
index.js:49 [Arduino Sensor] Received data via dedicated Arduino channel (119): 1
index.js:49 [Arduino Sensor] State change: 0 -> 1 (filtered)
index.js:49 [Arduino Sensor] Received data via shared channel (120): 1
index.js:49 [Arduino Sensor] Received data via dedicated Arduino channel (121): 1
index.js:49 [Arduino Sensor] State change: 0 -> 1 (filtered)
index.js:49 [Arduino Sensor] Received data via shared channel (122): 1
index.js:49 [Arduino Sensor] Received data via dedicated Arduino channel (123): 1
index.js:49 [Arduino Sensor] State change: 0 -> 1 (filtered)
index.js:49 [Arduino Sensor] Received data via shared channel (124): 1
index.js:49 [Arduino Sensor] Received data via dedicated Arduino channel (125): 1
index.js:49 [Arduino Sensor] State change: 0 -> 1 (filtered)
index.js:49 [Arduino Sensor] Received data via shared channel (126): 1
index.js:49 [Arduino Sensor] Received data via dedicated Arduino channel (127): 1
index.js:49 [Arduino Sensor] State change: 0 -> 1 (filtered)
index.js:49 [Arduino Sensor] Received data via shared channel (128): 1
index.js:49 [Arduino Sensor] Received data via dedicated Arduino channel (129): 1
index.js:49 [Arduino Sensor] State change: 0 -> 1 (filtered)
index.js:49 [Arduino Sensor] Received data via shared channel (130): 1
index.js:49 [Arduino Sensor] Received data via dedicated Arduino channel (131): 1
index.js:49 [Arduino Sensor] State change: 0 -> 1 (filtered)
index.js:49 [Arduino Sensor] Received data via shared channel (132): 1
index.js:49 [Arduino Sensor] Received data via dedicated Arduino channel (133): 1
index.js:49 [Arduino Sensor] State change: 0 -> 1 (filtered)
index.js:49 [Arduino Sensor] Received data via shared channel (134): 1
index.js:49 [Arduino Sensor] Received data via dedicated Arduino channel (135): 1
index.js:49 [Arduino Sensor] State change: 0 -> 1 (filtered)
index.js:49 [Arduino Sensor] Received data via shared channel (136): 1
index.js:49 [Arduino Sensor] Received data via dedicated Arduino channel (137): 1
index.js:49 [Arduino Sensor] State change: 0 -> 1 (filtered)
index.js:49 [Arduino Sensor] Received data via shared channel (138): 1
index.js:49 [Arduino Sensor] Received data via dedicated Arduino channel (139): 1
index.js:49 [Arduino Sensor] State change: 0 -> 1 (filtered)
index.js:49 [Arduino Sensor] Received data via shared channel (140): 1
index.js:49 [Arduino Sensor] Received data via dedicated Arduino channel (141): 1
index.js:49 [Arduino Sensor] State change: 0 -> 1 (filtered)
index.js:49 [Arduino Sensor] Received data via shared channel (142): 1
index.js:49 [Arduino Sensor] Received data via dedicated Arduino channel (143): 1
index.js:49 [Arduino Sensor] State change: 0 -> 1 (filtered)
index.js:49 [Arduino Sensor] Received data via shared channel (144): 1
index.js:49 [Arduino Sensor] Received data via dedicated Arduino channel (145): 1
index.js:49 [Arduino Sensor] State change: 0 -> 1 (filtered)
index.js:49 [Arduino Sensor] Received data via shared channel (146): 1
index.js:49 [Arduino Sensor] Received data via dedicated Arduino channel (147): 1
index.js:49 [Arduino Sensor] State change: 0 -> 1 (filtered)
index.js:49 [Arduino Sensor] Received data via shared channel (148): 1
index.js:49 [Arduino Sensor] Received data via dedicated Arduino channel (149): 1
index.js:49 [Arduino Sensor] State change: 0 -> 1 (filtered)
index.js:49 [Arduino Sensor] Received data via shared channel (150): 1
index.js:49 [Arduino Sensor] Received data via dedicated Arduino channel (151): 1
index.js:49 [Arduino Sensor] State change: 0 -> 1 (filtered)
index.js:49 [Arduino Sensor] Received data via shared channel (152): 1
index.js:49 [Arduino Sensor] Received data via dedicated Arduino channel (153): 1
index.js:49 [Arduino Sensor] State change: 0 -> 1 (filtered)
index.js:49 [Arduino Sensor] Received data via shared channel (154): 1
index.js:49 [Arduino Sensor] Received data via dedicated Arduino channel (155): 1
index.js:49 [Arduino Sensor] State change: 0 -> 1 (filtered)
index.js:49 [Arduino Sensor] Received data via shared channel (156): 1
index.js:49 [Arduino Sensor] Received data via dedicated Arduino channel (157): 1
index.js:49 [Arduino Sensor] State change: 0 -> 1 (filtered)
index.js:49 [Arduino Sensor] Received data via shared channel (158): 1
index.js:49 [Arduino Sensor] Stable state: 0 -> 1 @ 1768706539068
index.js:54 [GameScreen] Arduino sensor state change: 1 ts= 1768706539068
index.js:54 [GameScreen] Arduino: DETECTION - Object detected by sensor
index.js:49 [Arduino Sensor] START detected - object detected
index.js:54 [GameScreen] Arduino sensor START detected - triggering hold start @ 1768706539068
index.js:49 [Arduino Sensor] Already ENABLED - skipping
index.js:55 [HOLD TIMER] end called: {value: 16032, isTimestamp: undefined, typeof: 'number'}
index.js:55 [HOLD TIMER] Final duration: 16032
index.js:55 [APP] Game completed with duration: 16032ms - using new Electron Vending Service trigger chain
index.js:55 [PRIZE SERVICE] Using Electron Vending Service as primary trigger for time: 16032ms
index.js:55 [ELECTRON VENDING] Handling prize dispensing for game time: 16032ms, scoreId: score_1768706555117
index.js:55 [ELECTRON VENDING] Game time 16032ms qualifies for silver prize
index.js:54 [GAME SCREEN] Game ended with time: 16032ms
index.js:55 [ELECTRON VENDING] Slot selection debug for silver tier:
index.js:55 [ELECTRON VENDING] - Tier slots: [1, 2, 3, 4, 5, 6, 7, 8, 11, 12, 13, 14, 15, 16, 17, 18, 21, 22, 23, 26, 27, 28, 31, 32, 33, 34, 35, 36, 37, 38, 45, 46, 47, 48, 51, 52, 53, 54, 55, 56, 57, 58]
index.js:55 [ELECTRON VENDING] - Available slots: [1, 2, 3, 4, 5, 6, 7, 8, 11, 12, 13, 14, 15, 16, 17, 18, 21, 22, 23, 26, 27, 28, 31, 32, 33, 34, 35, 36, 37, 38, 45, 46, 47, 48, 51, 52, 53, 54, 55, 56, 57, 58]
index.js:55 [ELECTRON VENDING] - Slot inventory:
index.js:55 [ELECTRON VENDING]   * Slot 1: count=0, max=5
index.js:55 [ELECTRON VENDING]   * Slot 2: count=0, max=5
index.js:55 [ELECTRON VENDING]   * Slot 3: count=0, max=5
index.js:55 [ELECTRON VENDING]   * Slot 4: count=0, max=5
index.js:55 [ELECTRON VENDING]   * Slot 5: count=0, max=5
index.js:55 [ELECTRON VENDING]   * Slot 6: count=0, max=5
index.js:55 [ELECTRON VENDING]   * Slot 7: count=0, max=5
index.js:55 [ELECTRON VENDING]   * Slot 8: count=0, max=5
index.js:55 [ELECTRON VENDING]   * Slot 11: count=0, max=5
index.js:55 [ELECTRON VENDING]   * Slot 12: count=0, max=5
index.js:55 [ELECTRON VENDING]   * Slot 13: count=0, max=5
index.js:55 [ELECTRON VENDING]   * Slot 14: count=0, max=5
index.js:55 [ELECTRON VENDING]   * Slot 15: count=0, max=5
index.js:55 [ELECTRON VENDING]   * Slot 16: count=0, max=5
index.js:55 [ELECTRON VENDING]   * Slot 17: count=0, max=5
index.js:55 [ELECTRON VENDING]   * Slot 18: count=0, max=5
index.js:55 [ELECTRON VENDING]   * Slot 21: count=0, max=5
index.js:55 [ELECTRON VENDING]   * Slot 22: count=0, max=5
index.js:55 [ELECTRON VENDING]   * Slot 23: count=0, max=5
index.js:55 [ELECTRON VENDING]   * Slot 26: count=0, max=5
index.js:55 [ELECTRON VENDING]   * Slot 27: count=0, max=5
index.js:55 [ELECTRON VENDING]   * Slot 28: count=0, max=5
index.js:55 [ELECTRON VENDING]   * Slot 31: count=0, max=5
index.js:55 [ELECTRON VENDING]   * Slot 32: count=0, max=5
index.js:55 [ELECTRON VENDING]   * Slot 33: count=0, max=5
index.js:55 [ELECTRON VENDING]   * Slot 34: count=0, max=5
index.js:55 [ELECTRON VENDING]   * Slot 35: count=0, max=5
index.js:55 [ELECTRON VENDING]   * Slot 36: count=0, max=5
index.js:55 [ELECTRON VENDING]   * Slot 37: count=0, max=5
index.js:55 [ELECTRON VENDING]   * Slot 38: count=0, max=5
index.js:55 [ELECTRON VENDING]   * Slot 45: count=0, max=5
index.js:55 [ELECTRON VENDING]   * Slot 46: count=0, max=5
index.js:55 [ELECTRON VENDING]   * Slot 47: count=0, max=5
index.js:55 [ELECTRON VENDING]   * Slot 48: count=0, max=5
index.js:55 [ELECTRON VENDING]   * Slot 51: count=0, max=5
index.js:55 [ELECTRON VENDING]   * Slot 52: count=0, max=5
index.js:55 [ELECTRON VENDING]   * Slot 53: count=0, max=5
index.js:55 [ELECTRON VENDING]   * Slot 54: count=0, max=5
index.js:55 [ELECTRON VENDING]   * Slot 55: count=0, max=5
index.js:55 [ELECTRON VENDING]   * Slot 56: count=0, max=5
index.js:55 [ELECTRON VENDING]   * Slot 57: count=0, max=5
index.js:55 [ELECTRON VENDING]   * Slot 58: count=0, max=5
index.js:55 [ELECTRON VENDING] Tie-breaker: slot 2 vs slot 1 (both count=0) - selecting 1
index.js:55 [ELECTRON VENDING] Tie-breaker: slot 3 vs slot 2 (both count=0) - selecting 2
index.js:55 [ELECTRON VENDING] Tie-breaker: slot 4 vs slot 3 (both count=0) - selecting 3
index.js:55 [ELECTRON VENDING] Tie-breaker: slot 5 vs slot 4 (both count=0) - selecting 4
index.js:55 [ELECTRON VENDING] Tie-breaker: slot 6 vs slot 5 (both count=0) - selecting 5
index.js:55 [ELECTRON VENDING] Tie-breaker: slot 7 vs slot 6 (both count=0) - selecting 6
index.js:55 [ELECTRON VENDING] Tie-breaker: slot 8 vs slot 7 (both count=0) - selecting 7
index.js:55 [ELECTRON VENDING] Tie-breaker: slot 11 vs slot 8 (both count=0) - selecting 8
index.js:55 [ELECTRON VENDING] Tie-breaker: slot 12 vs slot 11 (both count=0) - selecting 11
index.js:55 [ELECTRON VENDING] Tie-breaker: slot 13 vs slot 12 (both count=0) - selecting 12
index.js:55 [ELECTRON VENDING] Tie-breaker: slot 14 vs slot 13 (both count=0) - selecting 13
index.js:55 [ELECTRON VENDING] Tie-breaker: slot 15 vs slot 14 (both count=0) - selecting 14
index.js:55 [ELECTRON VENDING] Tie-breaker: slot 16 vs slot 15 (both count=0) - selecting 15
index.js:55 [ELECTRON VENDING] Tie-breaker: slot 17 vs slot 16 (both count=0) - selecting 16
index.js:55 [ELECTRON VENDING] Tie-breaker: slot 18 vs slot 17 (both count=0) - selecting 17
index.js:55 [ELECTRON VENDING] Tie-breaker: slot 21 vs slot 18 (both count=0) - selecting 18
index.js:55 [ELECTRON VENDING] Tie-breaker: slot 22 vs slot 21 (both count=0) - selecting 21
index.js:55 [ELECTRON VENDING] Tie-breaker: slot 23 vs slot 22 (both count=0) - selecting 22
index.js:55 [ELECTRON VENDING] Tie-breaker: slot 26 vs slot 23 (both count=0) - selecting 23
index.js:55 [ELECTRON VENDING] Tie-breaker: slot 27 vs slot 26 (both count=0) - selecting 26
index.js:55 [ELECTRON VENDING] Tie-breaker: slot 28 vs slot 27 (both count=0) - selecting 27
index.js:55 [ELECTRON VENDING] Tie-breaker: slot 31 vs slot 28 (both count=0) - selecting 28
index.js:55 [ELECTRON VENDING] Tie-breaker: slot 32 vs slot 31 (both count=0) - selecting 31
index.js:55 [ELECTRON VENDING] Tie-breaker: slot 33 vs slot 32 (both count=0) - selecting 32
index.js:55 [ELECTRON VENDING] Tie-breaker: slot 34 vs slot 33 (both count=0) - selecting 33
index.js:55 [ELECTRON VENDING] Tie-breaker: slot 35 vs slot 34 (both count=0) - selecting 34
index.js:55 [ELECTRON VENDING] Tie-breaker: slot 36 vs slot 35 (both count=0) - selecting 35
index.js:55 [ELECTRON VENDING] Tie-breaker: slot 37 vs slot 36 (both count=0) - selecting 36
index.js:55 [ELECTRON VENDING] Tie-breaker: slot 38 vs slot 37 (both count=0) - selecting 37
index.js:55 [ELECTRON VENDING] Tie-breaker: slot 45 vs slot 38 (both count=0) - selecting 38
index.js:55 [ELECTRON VENDING] Tie-breaker: slot 46 vs slot 45 (both count=0) - selecting 45
index.js:55 [ELECTRON VENDING] Tie-breaker: slot 47 vs slot 46 (both count=0) - selecting 46
index.js:55 [ELECTRON VENDING] Tie-breaker: slot 48 vs slot 47 (both count=0) - selecting 47
index.js:55 [ELECTRON VENDING] Tie-breaker: slot 51 vs slot 48 (both count=0) - selecting 48
index.js:55 [ELECTRON VENDING] Tie-breaker: slot 52 vs slot 51 (both count=0) - selecting 51
index.js:55 [ELECTRON VENDING] Tie-breaker: slot 53 vs slot 52 (both count=0) - selecting 52
index.js:55 [ELECTRON VENDING] Tie-breaker: slot 54 vs slot 53 (both count=0) - selecting 53
index.js:55 [ELECTRON VENDING] Tie-breaker: slot 55 vs slot 54 (both count=0) - selecting 54
index.js:55 [ELECTRON VENDING] Tie-breaker: slot 56 vs slot 55 (both count=0) - selecting 55
index.js:55 [ELECTRON VENDING] Tie-breaker: slot 57 vs slot 56 (both count=0) - selecting 56
index.js:55 [ELECTRON VENDING] Tie-breaker: slot 58 vs slot 57 (both count=0) - selecting 57
index.js:55 [ELECTRON VENDING] Selected slot 1 for silver tier (stable sort, count: 0)
index.js:55 [ELECTRON VENDING] Slot selection summary: [1, 2, 3, 4, 5, 6, 7, 8, 11, 12, 13, 14, 15, 16, 17, 18, 21, 22, 23, 26, 27, 28, 31, 32, 33, 34, 35, 36, 37, 38, 45, 46, 47, 48, 51, 52, 53, 54, 55, 56, 57, 58] -> selected: 1
index.js:55 [ELECTRON VENDING] Selected slot 1 for silver prize
index.js:55 [ELECTRON VENDING] Prize dispensing logged to API with scoreId: 1768706555117
index.js:55 [ELECTRON VENDING] Using Legacy Serial for silver prize dispensing
index.js:55 [ELECTRON VENDING] Command (HEX): 00 FF 01 FE AA 55
index.js:55 [ELECTRON VENDING] Direct Legacy Serial (Version 1.0.3): 00 FF 01 FE AA 55
index.js:55 [ELECTRON VENDING] Direct Legacy Serial (Version 1.0.3): 00 FF 01 FE AA 55
index.js:55 [ELECTRON VENDING] Direct Legacy Serial error: Error: Error invoking remote method 'send-serial-command': Error: No serial port available and emergency connection failed: COM1 not available for emergency connection
sendDirectSerialCommand @ index.js:55
await in sendDirectSerialCommand (async)
try @ index.js:55
handlePrizeDispensing @ index.js:55
await in handlePrizeDispensing (async)
checkAndDispensePrize @ index.js:55
(anonymous) @ index.js:55
(anonymous) @ index.js:55
T @ index.js:54
yf @ index.js:48
(anonymous) @ index.js:48
Rr @ index.js:48
Ms @ index.js:48
Ks @ index.js:49
Ah @ index.js:49
index.js:54 [INVENTORY STORAGE] Dispensing log synced successfully
index.js:55 [ELECTRON VENDING] Dispensing logged: slot=1, tier=silver, success=false
index.js:55 [ELECTRON VENDING] ✗ Legacy Serial failed for silver prize: Error invoking remote method 'send-serial-command': Error: No serial port available and emergency connection failed: COM1 not available for emergency connection
handlePrizeDispensing @ index.js:55
await in handlePrizeDispensing (async)
checkAndDispensePrize @ index.js:55
(anonymous) @ index.js:55
(anonymous) @ index.js:55
T @ index.js:54
yf @ index.js:48
(anonymous) @ index.js:48
Rr @ index.js:48
Ms @ index.js:48
Ks @ index.js:49
Ah @ index.js:49
index.js:55 [ELECTRON VENDING] Using On-Demand Serial (Fallback) for silver prize dispensing
index.js:55 [ELECTRON VENDING] Constructed HEX command: 00 FF 01 FE AA 55
index.js:55 [ELECTRON VENDING] Legacy Serial error: Error: Error invoking remote method 'send-serial-command': Error: No serial port available and emergency connection failed: COM1 not available for emergency connection
try @ index.js:55
await in try (async)
handlePrizeDispensing @ index.js:55
await in handlePrizeDispensing (async)
checkAndDispensePrize @ index.js:55
(anonymous) @ index.js:55
(anonymous) @ index.js:55
T @ index.js:54
yf @ index.js:48
(anonymous) @ index.js:48
Rr @ index.js:48
Ms @ index.js:48
Ks @ index.js:49
Ah @ index.js:49
index.js:54 [INVENTORY STORAGE] Dispensing log synced successfully
index.js:55 [ELECTRON VENDING] Dispensing logged: slot=1, tier=silver, success=false
index.js:55 [ELECTRON VENDING] ✗ On-Demand Serial (Fallback) failed for silver prize: Error invoking remote method 'send-serial-command': Error: No serial port available and emergency connection failed: COM1 not available for emergency connection
handlePrizeDispensing @ index.js:55
await in handlePrizeDispensing (async)
checkAndDispensePrize @ index.js:55
(anonymous) @ index.js:55
(anonymous) @ index.js:55
T @ index.js:54
yf @ index.js:48
(anonymous) @ index.js:48
Rr @ index.js:48
Ms @ index.js:48
Ks @ index.js:49
Ah @ index.js:49
index.js:55 [ELECTRON VENDING] Trying Spring SDK for silver prize dispensing
index.js:55 [SPRING VENDING] Cannot send command - not connected
sendSpringCommand @ index.js:55
(anonymous) @ index.js:55
queryChannelStatus @ index.js:55
findWorkingChannel @ index.js:55
dispensePrizeByTier @ index.js:55
try @ index.js:55
handlePrizeDispensing @ index.js:55
await in handlePrizeDispensing (async)
checkAndDispensePrize @ index.js:55
(anonymous) @ index.js:55
(anonymous) @ index.js:55
T @ index.js:54
yf @ index.js:48
(anonymous) @ index.js:48
Rr @ index.js:48
Ms @ index.js:48
Ks @ index.js:49
Ah @ index.js:49
index.js:54 [INVENTORY STORAGE] Dispensing log synced successfully
index.js:55 [ELECTRON VENDING] Dispensing logged: slot=1, tier=silver, success=false
index.js:55 [ELECTRON VENDING] ✗ Spring SDK failed for silver prize: No working channels available for silver tier
handlePrizeDispensing @ index.js:55
await in handlePrizeDispensing (async)
checkAndDispensePrize @ index.js:55
(anonymous) @ index.js:55
(anonymous) @ index.js:55
T @ index.js:54
yf @ index.js:48
(anonymous) @ index.js:48
Rr @ index.js:48
Ms @ index.js:48
Ks @ index.js:49
Ah @ index.js:49
index.js:55 [ELECTRON VENDING] Trying Mock Mode for silver prize dispensing
index.js:54 [INVENTORY STORAGE] Dispensing log synced successfully
index.js:55 [ELECTRON VENDING] Dispensing logged: slot=1, tier=silver, success=false
index.js:55 [ELECTRON VENDING] ✗ Mock Mode failed for silver prize: Mock simulated failure
handlePrizeDispensing @ index.js:55
await in handlePrizeDispensing (async)
checkAndDispensePrize @ index.js:55
(anonymous) @ index.js:55
(anonymous) @ index.js:55
T @ index.js:54
yf @ index.js:48
(anonymous) @ index.js:48
Rr @ index.js:48
Ms @ index.js:48
Ks @ index.js:49
Ah @ index.js:49
index.js:55 [ELECTRON VENDING] All dispensing methods failed for ${tier} prize
handlePrizeDispensing @ index.js:55
await in handlePrizeDispensing (async)
checkAndDispensePrize @ index.js:55
(anonymous) @ index.js:55
(anonymous) @ index.js:55
T @ index.js:54
yf @ index.js:48
(anonymous) @ index.js:48
Rr @ index.js:48
Ms @ index.js:48
Ks @ index.js:49
Ah @ index.js:49
index.js:55 [PRIZE SERVICE] Electron Vending Service could not dispense prize: All dispensing methods failed
index.js:55 [PRIZE SERVICE] API fallback - Time of 16032ms qualifies for Silver Prize.
index.js:54 [TCN INTEGRATION] Handling prize dispensing for game time: 16032ms
index.js:54 [TCN INTEGRATION] USING LEGACY HEX METHOD (Version 1.0.3 compatible)
index.js:54 [TCN INTEGRATION] No prize awarded - game time too short
index.js:55 [PRIZE SERVICE] TCN Integration fallback for Silver Prize completed.
index.js:54 Submitting score to API: {id: 'score_1768706555117', name: 't', email: 't@8.4', phone: '', time: 16032}
index.js:54 [GameScreen] Cleaning up Arduino sensor service...
index.js:49 Arduino sensor DISABLED
index.js:49 [Arduino Sensor] Already DISABLED - skipping
index.js:49 [Arduino Sensor] Already DISABLED - skipping
index.js:49 [Arduino Sensor] Already DISABLED - skipping
index.js:49 [Arduino Sensor] Already DISABLED - skipping
index.js:49 [Arduino Sensor] Already DISABLED - skipping
index.js:49 [Arduino Sensor] Already DISABLED - skipping
index.js:54 [GameScreen] Setting up Arduino sensor service...
index.js:49 [Arduino Sensor] Already connected to serial port, skipping reconnection
index.js:49 [Arduino Sensor] State reset - ready for new game
index.js:54 [GameScreen] Arduino sensor service initialized, setting up handlers...
index.js:49 [Arduino Sensor] Already ENABLED - skipping
index.js:54 [GameScreen] Arduino sensor service enabled
index.js:49 [Arduino Sensor] State reset - ready for new game
index.js:54 [GameScreen] Arduino sensor state reset
index.js:49 Arduino sensor ENABLED and ready for data (REAL HARDWARE MODE)
index.js:49 [Arduino Sensor] Starting automatic channel retry mechanism...
index.js:49 [Arduino Sensor] Auto-retry attempt 6 - ensuring channel is active...
