 cdn.tailwindcss.com should not be used in production. To use Tailwind CSS in production, install it as a PostCSS plugin or use the Tailwind CLI: https://tailwindcss.com/docs/installation
(anonymous) @ cdn.tailwindcss.com/:64
(anonymous) @ cdn.tailwindcss.com/:64
 [TCN SERIAL] CRITICAL: serialport not available, using MockSerialPort
(anonymous) @ index-eQWa9c6B.js:50
 [TCN SERIAL] Try: npm rebuild serialport or npx electron-rebuild
(anonymous) @ index-eQWa9c6B.js:50
 [TCN SERIAL] ATTEMPTING FORCE LOAD NATIVE SERIALPORT...
 [TCN SERIAL] ✗ Force load error: 
(anonymous) @ index-eQWa9c6B.js:50
 [TCN SERIAL] Mode: MOCK
 [TCN SERIAL] TCN Service initialized with COM1 priority
 [TCN INTEGRATION] Initialized with 2 gold, 42 silver slots
 [INVENTORY STORAGE] Database not initialized, attempting to initialize...
getAllSlotInventory @ index-eQWa9c6B.js:56
loadSlotData @ index-eQWa9c6B.js:56
ensureCacheValid @ index-eQWa9c6B.js:56
getSlotInventory @ index-eQWa9c6B.js:56
I @ index-eQWa9c6B.js:56
(anonymous) @ index-eQWa9c6B.js:56
ea @ index-eQWa9c6B.js:48
qu @ index-eQWa9c6B.js:48
Rt @ index-eQWa9c6B.js:48
qu @ index-eQWa9c6B.js:48
Rt @ index-eQWa9c6B.js:48
qu @ index-eQWa9c6B.js:48
Rt @ index-eQWa9c6B.js:48
qu @ index-eQWa9c6B.js:48
Rt @ index-eQWa9c6B.js:48
qu @ index-eQWa9c6B.js:48
uf @ index-eQWa9c6B.js:48
(anonymous) @ index-eQWa9c6B.js:48
dt @ index-eQWa9c6B.js:25
 [INVENTORY STORAGE] Initializing database...
 [APP] Spring Vending Service DISABLED to prevent IPC channel conflicts with Arduino sensor
 [APP] Using Legacy Electron Vending only for prize dispensing
 [ELECTRON VENDING] Spring SDK DISABLED - using Enhanced Legacy Serial with Arduino compatibility
 [ELECTRON VENDING] Initializing inventory management...
 [INVENTORY STORAGE] Initializing database...
 [TCN INTEGRATION] Initializing complete vending system...
 [INVENTORY STORAGE] Initializing database...
 [Arduino Sensor] Already DISABLED - skipping
 [Arduino Sensor] Available ports: Array(2)
 [Arduino Sensor] Found serial ports, setting up listeners
 [Arduino Sensor] IPC listeners will be set up when serial port connects
 Arduino sensor service initialized
 [INVENTORY STORAGE] Database initialized successfully
 [INVENTORY STORAGE] Database initialized successfully
 [INVENTORY STORAGE] Database initialized successfully
 [TCN INTEGRATION] Loaded 44 slot records from storage
 [TCN INTEGRATION] Loaded 44 slot records from storage
 [TCN INTEGRATION] Step 1: Connecting to TCN hardware...
index-eQWa9c6B.js:50 === TCN SERIAL AUTO-CONNECT ===
index-eQWa9c6B.js:50 [TCN SERIAL] MODE: MOCK
index-eQWa9c6B.js:50 [TCN SERIAL] Starting COM1 priority auto-detection...
index-eQWa9c6B.js:50 [TCN SERIAL] CRITICAL: Still in mock mode - serialport package not loading properly
autoConnect @ index-eQWa9c6B.js:50
initialize @ index-eQWa9c6B.js:56
index-eQWa9c6B.js:50 [TCN SERIAL] Try: npm rebuild serialport or npx electron-rebuild
autoConnect @ index-eQWa9c6B.js:50
initialize @ index-eQWa9c6B.js:56
index-eQWa9c6B.js:50 [TCN SERIAL] PRODUCTION NOTE: In production, ensure serialport package is properly built
index-eQWa9c6B.js:50 [TCN SERIAL] VERSION 1.0.3 COMPATIBILITY: Attempting real connection despite mock mode...
index-eQWa9c6B.js:50 [TCN SERIAL] Attempting aggressive force-load of serialport...
index-eQWa9c6B.js:50 [TCN SERIAL] Aggressive force-load failed, will use mock-to-real bridge
index-eQWa9c6B.js:50 [TCN SERIAL] Using mock-to-real bridge for Version 1.0.3 compatibility
index-eQWa9c6B.js:50 [TCN SERIAL] Simulating port detection for forced connection...
index-eQWa9c6B.js:50 [TCN SERIAL] Found 4 available ports: Array(4)
index-eQWa9c6B.js:50 [TCN SERIAL] PRODUCTION NOTE: System will auto-detect TCN controller on any available COM port
index-eQWa9c6B.js:50 [TCN SERIAL] PRIORITY 1: Found COM1, attempting connection...
index-eQWa9c6B.js:50 [TCN SERIAL] COM1 Details: Object
index-eQWa9c6B.js:50 [TCN SERIAL] VERSION 1.0.3: Attempting forced real connection to COM1...
index-eQWa9c6B.js:50 [TCN SERIAL] FORCED CONNECTION: COM1 at 115200 baud
index-eQWa9c6B.js:50 [TCN SERIAL] VERSION 1.0.3: Attempting to bypass mock mode...
index-eQWa9c6B.js:50 [TCN SERIAL] ✗ Approach 1 failed: require is not defined
index-eQWa9c6B.js:50 [TCN SERIAL] ✗ Approach 2 failed: require is not defined
index-eQWa9c6B.js:53 [TCN SERIAL] ✗ Could not acquire real serialport, falling back to mock
forcedConnect @ index-eQWa9c6B.js:53
autoConnect @ index-eQWa9c6B.js:50
initialize @ index-eQWa9c6B.js:56
index-eQWa9c6B.js:50 [TCN SERIAL] ✗ Failed to connect to COM1
index-eQWa9c6B.js:50 [TCN SERIAL] Analyzing ports for TCN compatibility...
index-eQWa9c6B.js:50 [TCN SERIAL] Port COM1: manufacturer="(standard port types)", pnpId="N/A"
index-eQWa9c6B.js:50 [TCN SERIAL] Port COM1: USB=undefined, COM=false, Unix=false, TCN=false
index-eQWa9c6B.js:50 [TCN SERIAL] Port COM3: manufacturer="prolific", pnpId="N/A"
index-eQWa9c6B.js:50 [TCN SERIAL] Port COM3: USB=true, COM=true, Unix=false, TCN=true
index-eQWa9c6B.js:50 [TCN SERIAL] Port COM4: manufacturer="ch340", pnpId="N/A"
index-eQWa9c6B.js:50 [TCN SERIAL] Port COM4: USB=true, COM=true, Unix=false, TCN=true
index-eQWa9c6B.js:50 [TCN SERIAL] Port COM8: manufacturer="microsoft", pnpId="N/A"
index-eQWa9c6B.js:50 [TCN SERIAL] Port COM8: USB=undefined, COM=true, Unix=false, TCN=true
index-eQWa9c6B.js:50 [TCN SERIAL] Found 3 TCN-compatible ports: Array(3)
index-eQWa9c6B.js:50 [TCN SERIAL] PRIORITY 2: Trying port: COM3 (manufacturer=Prolific)
index-eQWa9c6B.js:50 [TCN SERIAL] VERSION 1.0.3: Attempting forced real connection to COM3...
index-eQWa9c6B.js:50 [TCN SERIAL] FORCED CONNECTION: COM3 at 115200 baud
index-eQWa9c6B.js:50 [TCN SERIAL] VERSION 1.0.3: Attempting to bypass mock mode...
index-eQWa9c6B.js:50 [TCN SERIAL] ✗ Approach 1 failed: require is not defined
index-eQWa9c6B.js:50 [TCN SERIAL] ✗ Approach 2 failed: require is not defined
index-eQWa9c6B.js:53 [TCN SERIAL] ✗ Could not acquire real serialport, falling back to mock
forcedConnect @ index-eQWa9c6B.js:53
autoConnect @ index-eQWa9c6B.js:50
index-eQWa9c6B.js:50 [TCN SERIAL] PRIORITY 2: Trying port: COM4 (manufacturer=CH340)
index-eQWa9c6B.js:50 [TCN SERIAL] VERSION 1.0.3: Attempting forced real connection to COM4...
index-eQWa9c6B.js:50 [TCN SERIAL] FORCED CONNECTION: COM4 at 115200 baud
index-eQWa9c6B.js:50 [TCN SERIAL] VERSION 1.0.3: Attempting to bypass mock mode...
index-eQWa9c6B.js:50 [TCN SERIAL] ✗ Approach 1 failed: require is not defined
index-eQWa9c6B.js:50 [TCN SERIAL] ✗ Approach 2 failed: require is not defined
index-eQWa9c6B.js:53 [TCN SERIAL] ✗ Could not acquire real serialport, falling back to mock
forcedConnect @ index-eQWa9c6B.js:53
autoConnect @ index-eQWa9c6B.js:50
index-eQWa9c6B.js:50 [TCN SERIAL] PRIORITY 2: Trying port: COM8 (manufacturer=Microsoft)
index-eQWa9c6B.js:50 [TCN SERIAL] VERSION 1.0.3: Attempting forced real connection to COM8...
index-eQWa9c6B.js:50 [TCN SERIAL] FORCED CONNECTION: COM8 at 115200 baud
index-eQWa9c6B.js:50 [TCN SERIAL] VERSION 1.0.3: Attempting to bypass mock mode...
index-eQWa9c6B.js:50 [TCN SERIAL] ✗ Approach 1 failed: require is not defined
index-eQWa9c6B.js:50 [TCN SERIAL] ✗ Approach 2 failed: require is not defined
index-eQWa9c6B.js:53 [TCN SERIAL] ✗ Could not acquire real serialport, falling back to mock
forcedConnect @ index-eQWa9c6B.js:53
autoConnect @ index-eQWa9c6B.js:50
index-eQWa9c6B.js:50 [TCN SERIAL] ✗ Failed to connect to any serial port
autoConnect @ index-eQWa9c6B.js:50
index-eQWa9c6B.js:50 [TCN SERIAL] Available ports were: Array(4)
autoConnect @ index-eQWa9c6B.js:50
index-eQWa9c6B.js:56 [TCN INTEGRATION] Auto-connect failed, trying COM1 force connection...
initialize @ index-eQWa9c6B.js:56
index-eQWa9c6B.js:50 [TCN SERIAL] FORCING COM1 CONNECTION...
index-eQWa9c6B.js:50 [TCN SERIAL] VERSION 1.0.3: Using forced connection method for COM1...
index-eQWa9c6B.js:50 [TCN SERIAL] FORCED CONNECTION: COM1 at 115200 baud
index-eQWa9c6B.js:50 [TCN SERIAL] VERSION 1.0.3: Attempting to bypass mock mode...
index-eQWa9c6B.js:50 [TCN SERIAL] ✗ Approach 1 failed: require is not defined
index-eQWa9c6B.js:50 [TCN SERIAL] ✗ Approach 2 failed: require is not defined
index-eQWa9c6B.js:53 [TCN SERIAL] ✗ Could not acquire real serialport, falling back to mock
forcedConnect @ index-eQWa9c6B.js:53
forceConnectCOM1 @ index-eQWa9c6B.js:50
initialize @ index-eQWa9c6B.js:56
index-eQWa9c6B.js:50 [TCN SERIAL] ✗ Force connection to COM1 failed
index-eQWa9c6B.js:56 [TCN INTEGRATION] TCN hardware not available, will use simulation
initialize @ index-eQWa9c6B.js:56
index-eQWa9c6B.js:56 [TCN INTEGRATION] Step 2: Initializing Arduino sensors...
index-eQWa9c6B.js:56 [TCN INTEGRATION] Arduino sensor service initialized (GameScreen will manage activation)
index-eQWa9c6B.js:56 [TCN INTEGRATION] Integration complete
index-eQWa9c6B.js:57 [APP] TCN Integration initialization: SUCCESS
index-eQWa9c6B.js:57 [ELECTRON VENDING] Inventory management initialized
index-eQWa9c6B.js:57 [ELECTRON VENDING] Enhanced Legacy Serial initialized successfully
index-eQWa9c6B.js:57 [APP] Legacy Electron Vending initialization: SUCCESS
index-eQWa9c6B.js:49 [Arduino Sensor] Already DISABLED - skipping
index-eQWa9c6B.js:49 [Arduino Sensor] Already DISABLED - skipping
vendinghanger.eeelab.xyz/apiendpoints.php:1 
        
        
       Failed to load resource: the server responded with a status of 404 ()
index-eQWa9c6B.js:56 API request failed: Error: Endpoint not found
    at ApiService.request (index-eQWa9c6B.js:56:43466)
    at async getLeaderboard (index-eQWa9c6B.js:56:44643)
request @ index-eQWa9c6B.js:56
index-eQWa9c6B.js:56 Failed to get leaderboard from API, falling back to cache: Error: Endpoint not found
    at ApiService.request (index-eQWa9c6B.js:56:43466)
    at async getLeaderboard (index-eQWa9c6B.js:56:44643)
getLeaderboard @ index-eQWa9c6B.js:56
index-eQWa9c6B.js:49 [Arduino Sensor] Already DISABLED - skipping
index-eQWa9c6B.js:56 Syncing 1 score(s)...
index-eQWa9c6B.js:56 Sync: submitting score to API: Object
vendinghanger.eeelab.xyz/apiendpoints.php:1 
        
        
       Failed to load resource: the server responded with a status of 404 ()
index-eQWa9c6B.js:56 API request failed: Error: Endpoint not found
    at ApiService.request (index-eQWa9c6B.js:56:43466)
    at async o (index-eQWa9c6B.js:56:46897)
    at async syncData (index-eQWa9c6B.js:56:47493)
request @ index-eQWa9c6B.js:56
index-eQWa9c6B.js:56 Failed to submit queued score, will keep in queue: Object Error: Endpoint not found
    at ApiService.request (index-eQWa9c6B.js:56:43466)
    at async o (index-eQWa9c6B.js:56:46897)
    at async syncData (index-eQWa9c6B.js:56:47493)
syncData @ index-eQWa9c6B.js:56
index-eQWa9c6B.js:56 Sync partially successful. 1 item(s) remain in queue.
index-eQWa9c6B.js:56 [GameScreen] Setting up Arduino sensor service...
index-eQWa9c6B.js:49 [Arduino Sensor] Proactive COM port initialization starting...
index-eQWa9c6B.js:49 [Arduino Sensor] Starting proactive COM port state management...
index-eQWa9c6B.js:49 [Arduino Sensor] State reset - ready for new game
index-eQWa9c6B.js:56 [GameScreen] Arduino sensor service initialized, setting up handlers...
index-eQWa9c6B.js:49 [Arduino Sensor] Already ENABLED - skipping
index-eQWa9c6B.js:56 [GameScreen] Arduino sensor service enabled
index-eQWa9c6B.js:49 [Arduino Sensor] State reset - ready for new game
index-eQWa9c6B.js:56 [GameScreen] Arduino sensor state reset
index.html:1 [Intervention] Slow network is detected. See https://www.chromestatus.com/feature/5636954674692096 for more details. Fallback font will be used while loading: file:///C:/Users/Administrator/Downloads/Vending%20Challenge%20Game%20Setup%201.3.5/win-unpacked/resources/assets/digital-7-DyjIeNPX.ttf
index-eQWa9c6B.js:49 [Arduino Sensor] Fresh port scan after initialization: Array(2)
index-eQWa9c6B.js:49 [Arduino Sensor] Pre-testing port COM1 to clear state...
index-eQWa9c6B.js:49 [Arduino Sensor] ✓ Port COM1 state cleared successfully
index-eQWa9c6B.js:49 [Arduino Sensor] Pre-testing port COM8 to clear state...
index-eQWa9c6B.js:49 [Arduino Sensor] ✓ Port COM8 state cleared successfully
index-eQWa9c6B.js:49 [Arduino Sensor] Proactive initialization completed
index-eQWa9c6B.js:49 [Arduino Sensor] Available ports: Array(2)
index-eQWa9c6B.js:49 [Arduino Sensor] Selected high COM port: COM8 (non-Arduino manufacturer, COM6+)
index-eQWa9c6B.js:49 [Arduino Sensor] Port selection details:
index-eQWa9c6B.js:49   - Available ports: Array(2)
index-eQWa9c6B.js:49   - Arduino manufacturer ports: Array(0)
index-eQWa9c6B.js:49   - Selected port: COM8
index-eQWa9c6B.js:49   - Port manufacturer: Microsoft
index-eQWa9c6B.js:49 [Arduino Sensor] Attempting to connect to COM8
index-eQWa9c6B.js:49 [Arduino Sensor] Trying Standard connection strategy...
index-eQWa9c6B.js:49 [Arduino Sensor] ✓ Standard strategy successful
index-eQWa9c6B.js:49 [Arduino Sensor] ✓ Successfully connected to COM8 at 9600 baud
index-eQWa9c6B.js:49 [Arduino Sensor] Dedicated Arduino data channel listener set up
index-eQWa9c6B.js:49 [Arduino Sensor] IPC listeners set up after serial connection (data will only be processed when enabled)
index-eQWa9c6B.js:49 Arduino sensor ENABLED and ready for data (REAL HARDWARE MODE)
index-eQWa9c6B.js:49 [Arduino Sensor] Received data via dedicated Arduino channel (1): 0
index-eQWa9c6B.js:49 Arduino sensor state change: 0 -> 1
index-eQWa9c6B.js:49 Arduino sensor state change: 0 -> 1
index-eQWa9c6B.js:49 [Arduino Sensor] Stable state: 0 -> 1 @ 1766088730310
index-eQWa9c6B.js:56 [GameScreen] Arduino sensor state change: 1 ts= 1766088730310
index-eQWa9c6B.js:56 [GameScreen] Arduino: DETECTION - Object detected by sensor
index-eQWa9c6B.js:49 [Arduino Sensor] START detected - object detected
index-eQWa9c6B.js:56 [GameScreen] Arduino sensor START detected - triggering hold start @ 1766088730310
index-eQWa9c6B.js:49 [Arduino Sensor] Already ENABLED - skipping
index-eQWa9c6B.js:49 Arduino sensor state change: 1 -> 0
index-eQWa9c6B.js:49 Arduino sensor state change: 1 -> 0
index-eQWa9c6B.js:49 [Arduino Sensor] Received data via dedicated Arduino channel (10): 0
index-eQWa9c6B.js:49 Arduino sensor state change: 1 -> 0
index-eQWa9c6B.js:49 Arduino sensor state change: 1 -> 0
index-eQWa9c6B.js:49 Arduino sensor state change: 1 -> 0
index-eQWa9c6B.js:49 Arduino sensor state change: 1 -> 0
index-eQWa9c6B.js:49 Arduino sensor state change: 1 -> 0
index-eQWa9c6B.js:49 Arduino sensor state change: 1 -> 0
index-eQWa9c6B.js:49 Arduino sensor state change: 1 -> 0
index-eQWa9c6B.js:49 Arduino sensor state change: 1 -> 0
index-eQWa9c6B.js:49 Arduino sensor state change: 1 -> 0
index-eQWa9c6B.js:49 Arduino sensor state change: 1 -> 0
index-eQWa9c6B.js:49 [Arduino Sensor] Received data via dedicated Arduino channel (20): 0
index-eQWa9c6B.js:49 Arduino sensor state change: 1 -> 0
index-eQWa9c6B.js:49 Arduino sensor state change: 1 -> 0
index-eQWa9c6B.js:49 Arduino sensor state change: 1 -> 0
index-eQWa9c6B.js:49 Arduino sensor state change: 1 -> 0
index-eQWa9c6B.js:49 Arduino sensor state change: 1 -> 0
index-eQWa9c6B.js:49 Arduino sensor state change: 1 -> 0
index-eQWa9c6B.js:49 Arduino sensor state change: 1 -> 0
index-eQWa9c6B.js:49 Arduino sensor state change: 1 -> 0
index-eQWa9c6B.js:49 Arduino sensor state change: 1 -> 0
index-eQWa9c6B.js:49 Arduino sensor state change: 1 -> 0
index-eQWa9c6B.js:49 [Arduino Sensor] Received data via dedicated Arduino channel (30): 0
index-eQWa9c6B.js:49 Arduino sensor state change: 1 -> 0
index-eQWa9c6B.js:49 Arduino sensor state change: 1 -> 0
index-eQWa9c6B.js:49 Arduino sensor state change: 1 -> 0
index-eQWa9c6B.js:49 Arduino sensor state change: 1 -> 0
index-eQWa9c6B.js:49 Arduino sensor state change: 1 -> 0
index-eQWa9c6B.js:49 Arduino sensor state change: 1 -> 0
index-eQWa9c6B.js:49 Arduino sensor state change: 1 -> 0
index-eQWa9c6B.js:49 Arduino sensor state change: 1 -> 0
index-eQWa9c6B.js:49 Arduino sensor state change: 1 -> 0
index-eQWa9c6B.js:49 Arduino sensor state change: 1 -> 0
index-eQWa9c6B.js:49 [Arduino Sensor] Received data via dedicated Arduino channel (40): 0
index-eQWa9c6B.js:49 Arduino sensor state change: 1 -> 0
index-eQWa9c6B.js:49 Arduino sensor state change: 1 -> 0
index-eQWa9c6B.js:49 Arduino sensor state change: 1 -> 0
index-eQWa9c6B.js:49 Arduino sensor state change: 1 -> 0
index-eQWa9c6B.js:49 Arduino sensor state change: 1 -> 0
index-eQWa9c6B.js:49 Arduino sensor state change: 1 -> 0
index-eQWa9c6B.js:49 Arduino sensor state change: 1 -> 0
index-eQWa9c6B.js:49 Arduino sensor state change: 1 -> 0
index-eQWa9c6B.js:49 Arduino sensor state change: 1 -> 0
index-eQWa9c6B.js:49 Arduino sensor state change: 1 -> 0
index-eQWa9c6B.js:49 [Arduino Sensor] Received data via dedicated Arduino channel (50): 0
index-eQWa9c6B.js:49 Arduino sensor state change: 1 -> 0
index-eQWa9c6B.js:49 Arduino sensor state change: 1 -> 0
index-eQWa9c6B.js:49 Arduino sensor state change: 1 -> 0
index-eQWa9c6B.js:49 Arduino sensor state change: 1 -> 0
index-eQWa9c6B.js:49 Arduino sensor state change: 1 -> 0
index-eQWa9c6B.js:49 Arduino sensor state change: 1 -> 0
index-eQWa9c6B.js:49 Arduino sensor state change: 1 -> 0
index-eQWa9c6B.js:49 Arduino sensor state change: 1 -> 0
index-eQWa9c6B.js:49 Arduino sensor state change: 1 -> 0
index-eQWa9c6B.js:49 Arduino sensor state change: 1 -> 0
index-eQWa9c6B.js:49 [Arduino Sensor] Received data via dedicated Arduino channel (60): 0
index-eQWa9c6B.js:49 Arduino sensor state change: 1 -> 0
index-eQWa9c6B.js:49 Arduino sensor state change: 1 -> 0
index-eQWa9c6B.js:49 Arduino sensor state change: 1 -> 0
index-eQWa9c6B.js:49 Arduino sensor state change: 1 -> 0
index-eQWa9c6B.js:49 Arduino sensor state change: 1 -> 0
index-eQWa9c6B.js:49 Arduino sensor state change: 1 -> 0
index-eQWa9c6B.js:49 Arduino sensor state change: 1 -> 0
index-eQWa9c6B.js:49 Arduino sensor state change: 1 -> 0
index-eQWa9c6B.js:49 Arduino sensor state change: 1 -> 0
index-eQWa9c6B.js:49 Arduino sensor state change: 1 -> 0
index-eQWa9c6B.js:49 [Arduino Sensor] Received data via dedicated Arduino channel (70): 0
index-eQWa9c6B.js:49 Arduino sensor state change: 1 -> 0
index-eQWa9c6B.js:49 Arduino sensor state change: 1 -> 0
index-eQWa9c6B.js:49 Arduino sensor state change: 1 -> 0
index-eQWa9c6B.js:49 Arduino sensor state change: 1 -> 0
index-eQWa9c6B.js:49 Arduino sensor state change: 1 -> 0
index-eQWa9c6B.js:49 Arduino sensor state change: 1 -> 0
index-eQWa9c6B.js:49 Arduino sensor state change: 1 -> 0
index-eQWa9c6B.js:49 Arduino sensor state change: 1 -> 0
index-eQWa9c6B.js:49 Arduino sensor state change: 1 -> 0
index-eQWa9c6B.js:49 Invalid sensor value received: 
handleSerialData @ index-eQWa9c6B.js:49
(anonymous) @ index-eQWa9c6B.js:49
(anonymous) @ VM14:21
emit @ VM13 sandbox_bundle:2
onMessage @ VM13 sandbox_bundle:2
index-eQWa9c6B.js:49 [Arduino Sensor] Received data via dedicated Arduino channel (80): 0
index-eQWa9c6B.js:49 Arduino sensor state change: 1 -> 0
index-eQWa9c6B.js:49 Arduino sensor state change: 1 -> 0
index-eQWa9c6B.js:49 Arduino sensor state change: 1 -> 0
index-eQWa9c6B.js:49 Arduino sensor state change: 1 -> 0
index-eQWa9c6B.js:49 Arduino sensor state change: 1 -> 0
index-eQWa9c6B.js:49 Arduino sensor state change: 1 -> 0
index-eQWa9c6B.js:49 Arduino sensor state change: 1 -> 0
index-eQWa9c6B.js:49 Arduino sensor state change: 1 -> 0
index-eQWa9c6B.js:49 Arduino sensor state change: 1 -> 0
index-eQWa9c6B.js:49 Arduino sensor state change: 1 -> 0
index-eQWa9c6B.js:49 [Arduino Sensor] Received data via dedicated Arduino channel (90): 0
index-eQWa9c6B.js:49 Arduino sensor state change: 1 -> 0
index-eQWa9c6B.js:49 Arduino sensor state change: 1 -> 0
index-eQWa9c6B.js:49 Arduino sensor state change: 1 -> 0
index-eQWa9c6B.js:49 Arduino sensor state change: 1 -> 0
index-eQWa9c6B.js:49 Arduino sensor state change: 1 -> 0
index-eQWa9c6B.js:49 Arduino sensor state change: 1 -> 0
index-eQWa9c6B.js:49 Arduino sensor state change: 1 -> 0
index-eQWa9c6B.js:49 Arduino sensor state change: 1 -> 0
index-eQWa9c6B.js:49 Arduino sensor state change: 1 -> 0
index-eQWa9c6B.js:49 Arduino sensor state change: 1 -> 0
index-eQWa9c6B.js:49 [Arduino Sensor] Received data via dedicated Arduino channel (100): 0
index-eQWa9c6B.js:49 Arduino sensor state change: 1 -> 0
index-eQWa9c6B.js:49 Arduino sensor state change: 1 -> 0
index-eQWa9c6B.js:49 Arduino sensor state change: 1 -> 0
index-eQWa9c6B.js:49 Arduino sensor state change: 1 -> 0
index-eQWa9c6B.js:49 Arduino sensor state change: 1 -> 0
index-eQWa9c6B.js:49 Arduino sensor state change: 1 -> 0
index-eQWa9c6B.js:49 Arduino sensor state change: 1 -> 0
index-eQWa9c6B.js:49 Arduino sensor state change: 1 -> 0
index-eQWa9c6B.js:49 Arduino sensor state change: 1 -> 0
index-eQWa9c6B.js:49 Arduino sensor state change: 1 -> 0
index-eQWa9c6B.js:49 [Arduino Sensor] Received data via dedicated Arduino channel (110): 0
index-eQWa9c6B.js:49 Arduino sensor state change: 1 -> 0
index-eQWa9c6B.js:49 Arduino sensor state change: 1 -> 0
index-eQWa9c6B.js:49 Arduino sensor state change: 1 -> 0
index-eQWa9c6B.js:49 Arduino sensor state change: 1 -> 0
index-eQWa9c6B.js:49 [Arduino Sensor] Stable state: 1 -> 0 @ 1766088741113
index-eQWa9c6B.js:56 [GameScreen] Arduino sensor state change: 0 ts= 1766088741113
index-eQWa9c6B.js:56 [GameScreen] Arduino: NO DETECTION - Object removed from sensor
index-eQWa9c6B.js:49 [Arduino Sensor] END detected - object removed
index-eQWa9c6B.js:56 [GameScreen] Arduino sensor END detected - triggering hold end @ 1766088741113
index-eQWa9c6B.js:57 [HOLD TIMER] end called: Object
index-eQWa9c6B.js:57 [HOLD TIMER] Final duration: 10803
index-eQWa9c6B.js:57 [APP] Game completed with duration: 10803ms - using new Electron Vending Service trigger chain
index-eQWa9c6B.js:57 [PRIZE SERVICE] Using Electron Vending Service as primary trigger for time: 10803ms
index-eQWa9c6B.js:57 [ELECTRON VENDING] Handling prize dispensing for game time: 10803ms, scoreId: score_1766088741177
index-eQWa9c6B.js:57 [ELECTRON VENDING] Game time 10803ms qualifies for silver prize
index-eQWa9c6B.js:49 Arduino sensor state change: 0 -> 1
index-eQWa9c6B.js:57 [ELECTRON VENDING] Selected slot 3 for silver tier (count: 0)
index-eQWa9c6B.js:57 [ELECTRON VENDING] Selected slot 3 for silver prize
index-eQWa9c6B.js:49 Arduino sensor state change: 0 -> 1
index-eQWa9c6B.js:49 Arduino sensor state change: 0 -> 1
index-eQWa9c6B.js:49 [Arduino Sensor] Received data via dedicated Arduino channel (120): 1
index-eQWa9c6B.js:49 Arduino sensor state change: 0 -> 1
index-eQWa9c6B.js:49 Arduino sensor state change: 0 -> 1
index-eQWa9c6B.js:49 Arduino sensor state change: 0 -> 1
index-eQWa9c6B.js:49 Arduino sensor state change: 0 -> 1
index-eQWa9c6B.js:49 Arduino sensor state change: 0 -> 1
index-eQWa9c6B.js:49 Arduino sensor state change: 0 -> 1
index-eQWa9c6B.js:49 Arduino sensor state change: 0 -> 1
index-eQWa9c6B.js:49 Arduino sensor state change: 0 -> 1
index-eQWa9c6B.js:49 Arduino sensor state change: 0 -> 1
index-eQWa9c6B.js:49 Arduino sensor state change: 0 -> 1
index-eQWa9c6B.js:49 [Arduino Sensor] Received data via dedicated Arduino channel (130): 1
index-eQWa9c6B.js:49 Arduino sensor state change: 0 -> 1
index-eQWa9c6B.js:49 Arduino sensor state change: 0 -> 1
index-eQWa9c6B.js:49 Arduino sensor state change: 0 -> 1
index-eQWa9c6B.js:49 Arduino sensor state change: 0 -> 1
index-eQWa9c6B.js:49 Arduino sensor state change: 0 -> 1
index-eQWa9c6B.js:49 Arduino sensor state change: 0 -> 1
index-eQWa9c6B.js:49 Arduino sensor state change: 0 -> 1
index-eQWa9c6B.js:49 Arduino sensor state change: 0 -> 1
index-eQWa9c6B.js:49 Arduino sensor state change: 0 -> 1
index-eQWa9c6B.js:49 Arduino sensor state change: 0 -> 1
index-eQWa9c6B.js:49 [Arduino Sensor] Received data via dedicated Arduino channel (140): 1
index-eQWa9c6B.js:49 Arduino sensor state change: 0 -> 1
index-eQWa9c6B.js:49 Arduino sensor state change: 0 -> 1
index-eQWa9c6B.js:49 Arduino sensor state change: 0 -> 1
index-eQWa9c6B.js:49 Arduino sensor state change: 0 -> 1
index-eQWa9c6B.js:49 Arduino sensor state change: 0 -> 1
index-eQWa9c6B.js:49 Arduino sensor state change: 0 -> 1
index-eQWa9c6B.js:49 Arduino sensor state change: 0 -> 1
index-eQWa9c6B.js:49 Arduino sensor state change: 0 -> 1
index-eQWa9c6B.js:49 Arduino sensor state change: 0 -> 1
index-eQWa9c6B.js:49 Arduino sensor state change: 0 -> 1
index-eQWa9c6B.js:49 [Arduino Sensor] Received data via dedicated Arduino channel (150): 1
index-eQWa9c6B.js:49 Arduino sensor state change: 0 -> 1
index-eQWa9c6B.js:49 Arduino sensor state change: 0 -> 1
index-eQWa9c6B.js:49 Arduino sensor state change: 0 -> 1
index-eQWa9c6B.js:49 Arduino sensor state change: 0 -> 1
index-eQWa9c6B.js:49 Arduino sensor state change: 0 -> 1
index-eQWa9c6B.js:49 Arduino sensor state change: 0 -> 1
index-eQWa9c6B.js:49 Arduino sensor state change: 0 -> 1
index-eQWa9c6B.js:49 Arduino sensor state change: 0 -> 1
index-eQWa9c6B.js:49 Arduino sensor state change: 0 -> 1
index-eQWa9c6B.js:49 Arduino sensor state change: 0 -> 1
index-eQWa9c6B.js:49 [Arduino Sensor] Received data via dedicated Arduino channel (160): 1
index-eQWa9c6B.js:49 Arduino sensor state change: 0 -> 1
index-eQWa9c6B.js:49 Arduino sensor state change: 0 -> 1
index-eQWa9c6B.js:49 Arduino sensor state change: 0 -> 1
index-eQWa9c6B.js:49 Arduino sensor state change: 0 -> 1
index-eQWa9c6B.js:49 Arduino sensor state change: 0 -> 1
index-eQWa9c6B.js:49 Arduino sensor state change: 0 -> 1
index-eQWa9c6B.js:49 Arduino sensor state change: 0 -> 1
index-eQWa9c6B.js:49 Arduino sensor state change: 0 -> 1
index-eQWa9c6B.js:49 Arduino sensor state change: 0 -> 1
index-eQWa9c6B.js:49 Arduino sensor state change: 0 -> 1
index-eQWa9c6B.js:49 [Arduino Sensor] Received data via dedicated Arduino channel (170): 1
index-eQWa9c6B.js:49 Arduino sensor state change: 0 -> 1
index-eQWa9c6B.js:49 Arduino sensor state change: 0 -> 1
index-eQWa9c6B.js:49 Arduino sensor state change: 0 -> 1
index-eQWa9c6B.js:49 Arduino sensor state change: 0 -> 1
index-eQWa9c6B.js:49 Arduino sensor state change: 0 -> 1
index-eQWa9c6B.js:49 Arduino sensor state change: 0 -> 1
index-eQWa9c6B.js:49 Arduino sensor state change: 0 -> 1
index-eQWa9c6B.js:49 Arduino sensor state change: 0 -> 1
index-eQWa9c6B.js:49 Arduino sensor state change: 0 -> 1
index-eQWa9c6B.js:49 Arduino sensor state change: 0 -> 1
index-eQWa9c6B.js:49 [Arduino Sensor] Received data via dedicated Arduino channel (180): 1
index-eQWa9c6B.js:49 Arduino sensor state change: 0 -> 1
index-eQWa9c6B.js:49 Arduino sensor state change: 0 -> 1
index-eQWa9c6B.js:49 Arduino sensor state change: 0 -> 1
index-eQWa9c6B.js:49 Arduino sensor state change: 0 -> 1
index-eQWa9c6B.js:49 Arduino sensor state change: 0 -> 1
index-eQWa9c6B.js:49 Arduino sensor state change: 0 -> 1
index-eQWa9c6B.js:49 Arduino sensor state change: 0 -> 1
index-eQWa9c6B.js:49 Arduino sensor state change: 0 -> 1
index-eQWa9c6B.js:49 Arduino sensor state change: 0 -> 1
index-eQWa9c6B.js:49 Arduino sensor state change: 0 -> 1
index-eQWa9c6B.js:49 [Arduino Sensor] Received data via dedicated Arduino channel (190): 1
index-eQWa9c6B.js:49 Arduino sensor state change: 0 -> 1
index-eQWa9c6B.js:49 Arduino sensor state change: 0 -> 1
index-eQWa9c6B.js:49 Arduino sensor state change: 0 -> 1
index-eQWa9c6B.js:49 Arduino sensor state change: 0 -> 1
index-eQWa9c6B.js:49 Arduino sensor state change: 0 -> 1
index-eQWa9c6B.js:49 Arduino sensor state change: 0 -> 1
index-eQWa9c6B.js:49 Arduino sensor state change: 0 -> 1
index-eQWa9c6B.js:49 Arduino sensor state change: 0 -> 1
index-eQWa9c6B.js:49 Arduino sensor state change: 0 -> 1
index-eQWa9c6B.js:49 Arduino sensor state change: 0 -> 1
index-eQWa9c6B.js:49 [Arduino Sensor] Received data via dedicated Arduino channel (200): 1
index-eQWa9c6B.js:49 Arduino sensor state change: 0 -> 1
index-eQWa9c6B.js:49 Arduino sensor state change: 0 -> 1
index-eQWa9c6B.js:49 Arduino sensor state change: 0 -> 1
index-eQWa9c6B.js:49 Arduino sensor state change: 0 -> 1
index-eQWa9c6B.js:49 Arduino sensor state change: 0 -> 1
index-eQWa9c6B.js:49 Arduino sensor state change: 0 -> 1
index-eQWa9c6B.js:49 Arduino sensor state change: 0 -> 1
index-eQWa9c6B.js:49 Arduino sensor state change: 0 -> 1
index-eQWa9c6B.js:49 Arduino sensor state change: 0 -> 1
index-eQWa9c6B.js:49 Arduino sensor state change: 0 -> 1
index-eQWa9c6B.js:49 [Arduino Sensor] Received data via dedicated Arduino channel (210): 1
index-eQWa9c6B.js:49 Arduino sensor state change: 0 -> 1
vendinghanger.eeelab.xyz/apiendpoints.php:1 
        
        
       Failed to load resource: the server responded with a status of 404 ()
index-eQWa9c6B.js:56 API request failed: Error: Endpoint not found
    at ApiService.request (index-eQWa9c6B.js:56:43466)
    at async ElectronVendingService.handlePrizeDispensing (index-eQWa9c6B.js:57:17775)
    at async checkAndDispensePrize (index-eQWa9c6B.js:57:33252)
    at async index-eQWa9c6B.js:57:37310
request @ index-eQWa9c6B.js:56
index-eQWa9c6B.js:57 [ELECTRON VENDING] Failed to log to API: Error: Endpoint not found
    at ApiService.request (index-eQWa9c6B.js:56:43466)
    at async ElectronVendingService.handlePrizeDispensing (index-eQWa9c6B.js:57:17775)
    at async checkAndDispensePrize (index-eQWa9c6B.js:57:33252)
    at async index-eQWa9c6B.js:57:37310
handlePrizeDispensing @ index-eQWa9c6B.js:57
index-eQWa9c6B.js:57 [ELECTRON VENDING] Using Direct Legacy Serial (Version 1.0.3 Compatible) for silver prize dispensing
index-eQWa9c6B.js:57 [ELECTRON VENDING] Command (HEX): 00 FF 03 FC AA 55
index-eQWa9c6B.js:57 [ELECTRON VENDING] Direct Legacy Serial (Version 1.0.3): 00 FF 03 FC AA 55
index-eQWa9c6B.js:57 [ELECTRON VENDING] Direct Legacy Serial command sent successfully
index-eQWa9c6B.js:57 [ELECTRON VENDING] Command sent successfully to slot 3
index-eQWa9c6B.js:56 [INVENTORY STORAGE] Updated slot 3: 1/5
index-eQWa9c6B.js:57 [ELECTRON VENDING] Slot 3 count incremented for silver tier
index-eQWa9c6B.js:49 Arduino sensor state change: 0 -> 1
index-eQWa9c6B.js:49 Arduino sensor state change: 0 -> 1
index-eQWa9c6B.js:49 Arduino sensor state change: 0 -> 1
index-eQWa9c6B.js:56 [INVENTORY STORAGE] Dispensing log synced successfully
index-eQWa9c6B.js:57 [ELECTRON VENDING] Dispensing logged to both tables: slot=3, tier=silver, success=true
index-eQWa9c6B.js:57 [ELECTRON VENDING] ✓ Direct Legacy Serial (Version 1.0.3 Compatible) successful for silver prize
index-eQWa9c6B.js:57 [PRIZE SERVICE] Electron Vending Service successfully dispensed Silver Prize from slot 3.
index-eQWa9c6B.js:49 Arduino sensor state change: 0 -> 1
index-eQWa9c6B.js:49 Arduino sensor state change: 0 -> 1
index-eQWa9c6B.js:49 Arduino sensor state change: 0 -> 1
index-eQWa9c6B.js:49 Arduino sensor state change: 0 -> 1
index-eQWa9c6B.js:49 Arduino sensor state change: 0 -> 1
index-eQWa9c6B.js:49 Arduino sensor state change: 0 -> 1
vendinghanger.eeelab.xyz/apiendpoints.php/api/electron-vending/log:1 
        
        
       Failed to load resource: the server responded with a status of 500 ()
vendinghanger.eeelab.xyz/apiendpoints.php:1 
        
        
       Failed to load resource: the server responded with a status of 404 ()
index-eQWa9c6B.js:56 API request failed: Error: Endpoint not found
    at ApiService.request (index-eQWa9c6B.js:56:43466)
    at async addScore (index-eQWa9c6B.js:56:45365)
    at async index-eQWa9c6B.js:57:37382
request @ index-eQWa9c6B.js:56
index-eQWa9c6B.js:56 Failed to submit score to API, saving locally: Error: Endpoint not found
    at ApiService.request (index-eQWa9c6B.js:56:43466)
    at async addScore (index-eQWa9c6B.js:56:45365)
    at async index-eQWa9c6B.js:57:37382
addScore @ index-eQWa9c6B.js:56
index-eQWa9c6B.js:49 [Arduino Sensor] Received data via dedicated Arduino channel (220): 1
index-eQWa9c6B.js:49 Arduino sensor state change: 0 -> 1
index-eQWa9c6B.js:49 Arduino sensor state change: 0 -> 1
index-eQWa9c6B.js:49 Arduino sensor state change: 0 -> 1
index-eQWa9c6B.js:49 Arduino sensor state change: 0 -> 1
index-eQWa9c6B.js:49 Arduino sensor state change: 0 -> 1
index-eQWa9c6B.js:49 Arduino sensor state change: 0 -> 1
vendinghanger.eeelab.xyz/apiendpoints.php:1 
        
        
       Failed to load resource: the server responded with a status of 404 ()
index-eQWa9c6B.js:56 API request failed: Error: Endpoint not found
    at ApiService.request (index-eQWa9c6B.js:56:43466)
    at async getLeaderboard (index-eQWa9c6B.js:56:44643)
    at async addScore (index-eQWa9c6B.js:56:45965)
    at async index-eQWa9c6B.js:57:37382
request @ index-eQWa9c6B.js:56
index-eQWa9c6B.js:56 Failed to get leaderboard from API, falling back to cache: Error: Endpoint not found
    at ApiService.request (index-eQWa9c6B.js:56:43466)
    at async getLeaderboard (index-eQWa9c6B.js:56:44643)
    at async addScore (index-eQWa9c6B.js:56:45965)
    at async index-eQWa9c6B.js:57:37382
getLeaderboard @ index-eQWa9c6B.js:56
index-eQWa9c6B.js:56 Enqueuing score for sync (local fallback): Object
index-eQWa9c6B.js:56 Adding to sync queue: Object
index-eQWa9c6B.js:56 Syncing 2 score(s)...
index-eQWa9c6B.js:56 Sync: submitting score to API: Object
index-eQWa9c6B.js:49 Arduino sensor state change: 0 -> 1
index-eQWa9c6B.js:56 [GameScreen] Cleaning up Arduino sensor service...
index-eQWa9c6B.js:49 Arduino sensor DISABLED
index-eQWa9c6B.js:49 [Arduino Sensor] Already DISABLED - skipping
vendinghanger.eeelab.xyz/apiendpoints.php:1 
        
        
       Failed to load resource: the server responded with a status of 404 ()
index-eQWa9c6B.js:56 API request failed: Error: Endpoint not found
    at ApiService.request (index-eQWa9c6B.js:56:43466)
    at async o (index-eQWa9c6B.js:56:46897)
    at async syncData (index-eQWa9c6B.js:56:47493)
request @ index-eQWa9c6B.js:56
index-eQWa9c6B.js:56 Failed to submit queued score, will keep in queue: Object Error: Endpoint not found
    at ApiService.request (index-eQWa9c6B.js:56:43466)
    at async o (index-eQWa9c6B.js:56:46897)
    at async syncData (index-eQWa9c6B.js:56:47493)
syncData @ index-eQWa9c6B.js:56
index-eQWa9c6B.js:56 Sync: submitting score to API: Object
vendinghanger.eeelab.xyz/apiendpoints.php:1 
        
        
       Failed to load resource: the server responded with a status of 404 ()
index-eQWa9c6B.js:56 API request failed: Error: Endpoint not found
    at ApiService.request (index-eQWa9c6B.js:56:43466)
    at async o (index-eQWa9c6B.js:56:46897)
    at async syncData (index-eQWa9c6B.js:56:47493)
request @ index-eQWa9c6B.js:56
index-eQWa9c6B.js:56 Failed to submit queued score, will keep in queue: Object Error: Endpoint not found
    at ApiService.request (index-eQWa9c6B.js:56:43466)
    at async o (index-eQWa9c6B.js:56:46897)
    at async syncData (index-eQWa9c6B.js:56:47493)
syncData @ index-eQWa9c6B.js:56
index-eQWa9c6B.js:56 Sync partially successful. 2 item(s) remain in queue.
